Using pre-set license
Built from '2021.3/staging' branch; Version is '2021.3.4f1 (cb45f9cae8b7) revision 13321721'; Using compiler version '192829333'; Build Type 'Release'
OS: 'Windows 10  (10.0.19043) 64bit Professional' Language: 'en' Physical Memory: 16326 MB
BatchMode: 1, IsHumanControllingUs: 0, StartBugReporterOnCrash: 0, Is64bit: 1, IsPro: 1

COMMAND LINE ARGUMENTS:
D:\Unity\2021.3.4f1\Editor\Unity.exe
-adb2
-batchMode
-noUpm
-name
AssetImportWorker0
-projectPath
D:/Unity projects/Platforming game
-logFile
Logs/AssetImportWorker0.log
-srvPort
63310
Successfully changed project path to: D:/Unity projects/Platforming game
D:/Unity projects/Platforming game
[UnityMemory] Configuration Parameters - Can be set up in boot.config
    "memorysetup-bucket-allocator-granularity=16"
    "memorysetup-bucket-allocator-bucket-count=8"
    "memorysetup-bucket-allocator-block-size=33554432"
    "memorysetup-bucket-allocator-block-count=8"
    "memorysetup-main-allocator-block-size=16777216"
    "memorysetup-thread-allocator-block-size=16777216"
    "memorysetup-gfx-main-allocator-block-size=16777216"
    "memorysetup-gfx-thread-allocator-block-size=16777216"
    "memorysetup-cache-allocator-block-size=4194304"
    "memorysetup-typetree-allocator-block-size=2097152"
    "memorysetup-profiler-bucket-allocator-granularity=16"
    "memorysetup-profiler-bucket-allocator-bucket-count=8"
    "memorysetup-profiler-bucket-allocator-block-size=33554432"
    "memorysetup-profiler-bucket-allocator-block-count=8"
    "memorysetup-profiler-allocator-block-size=16777216"
    "memorysetup-profiler-editor-allocator-block-size=1048576"
    "memorysetup-temp-allocator-size-main=16777216"
    "memorysetup-job-temp-allocator-block-size=2097152"
    "memorysetup-job-temp-allocator-block-size-background=1048576"
    "memorysetup-job-temp-allocator-reduction-small-platforms=262144"
    "memorysetup-temp-allocator-size-background-worker=32768"
    "memorysetup-temp-allocator-size-job-worker=262144"
    "memorysetup-temp-allocator-size-preload-manager=33554432"
    "memorysetup-temp-allocator-size-nav-mesh-worker=65536"
    "memorysetup-temp-allocator-size-audio-worker=65536"
    "memorysetup-temp-allocator-size-cloud-worker=32768"
    "memorysetup-temp-allocator-size-gi-baking-worker=262144"
    "memorysetup-temp-allocator-size-gfx=262144"
Refreshing native plugins compatible for Editor in 98.92 ms, found 3 plugins.
Preloading 0 native plugins for Editor in 0.00 ms.
Initialize engine version: 2021.3.4f1 (cb45f9cae8b7)
[Subsystems] Discovering subsystems at path D:/Unity/2021.3.4f1/Editor/Data/Resources/UnitySubsystems
[Subsystems] Discovering subsystems at path D:/Unity projects/Platforming game/Assets
GfxDevice: creating device client; threaded=0; jobified=0
Direct3D:
    Version:  Direct3D 11.0 [level 11.1]
    Renderer: NVIDIA GeForce GTX 1660 SUPER (ID=0x21c4)
    Vendor:   NVIDIA
    VRAM:     5991 MB
    Driver:   30.0.15.1295
Initialize mono
Mono path[0] = 'D:/Unity/2021.3.4f1/Editor/Data/Managed'
Mono path[1] = 'D:/Unity/2021.3.4f1/Editor/Data/MonoBleedingEdge/lib/mono/unityjit-win32'
Mono config path = 'D:/Unity/2021.3.4f1/Editor/Data/MonoBleedingEdge/etc'
Using monoOptions --debugger-agent=transport=dt_socket,embedding=1,server=y,suspend=n,address=127.0.0.1:56824
Begin MonoManager ReloadAssembly
Registering precompiled unity dll's ...
Register platform support module: D:/Unity/2021.3.4f1/Editor/Data/PlaybackEngines/WebGLSupport/UnityEditor.WebGL.Extensions.dll
Register platform support module: D:/Unity/2021.3.4f1/Editor/Data/PlaybackEngines/WindowsStandaloneSupport/UnityEditor.WindowsStandalone.Extensions.dll
Registered in 0.002849 seconds.
Native extension for WindowsStandalone target not found
Native extension for WebGL target not found
Refreshing native plugins compatible for Editor in 92.67 ms, found 3 plugins.
Preloading 0 native plugins for Editor in 0.00 ms.
Mono: successfully reloaded assembly
- Completed reload, in  0.611 seconds
Domain Reload Profiling:
	ReloadAssembly (611ms)
		BeginReloadAssembly (66ms)
			ExecutionOrderSort (0ms)
			DisableScriptedObjects (0ms)
			BackupInstance (0ms)
			ReleaseScriptingObjects (0ms)
			CreateAndSetChildDomain (1ms)
		EndReloadAssembly (446ms)
			LoadAssemblies (65ms)
			RebuildTransferFunctionScriptingTraits (0ms)
			SetupTypeCache (102ms)
			ReleaseScriptCaches (0ms)
			RebuildScriptCaches (28ms)
			SetupLoadedEditorAssemblies (271ms)
				LogAssemblyErrors (0ms)
				InitializePlatformSupportModulesInManaged (7ms)
				SetLoadedEditorAssemblies (0ms)
				RefreshPlugins (93ms)
				BeforeProcessingInitializeOnLoad (1ms)
				ProcessInitializeOnLoadAttributes (124ms)
				ProcessInitializeOnLoadMethodAttributes (46ms)
				AfterProcessingInitializeOnLoad (0ms)
				EditorAssembliesLoaded (0ms)
			ExecutionOrderSort2 (0ms)
			AwakeInstancesAfterBackupRestoration (0ms)
Platform modules already initialized, skipping
Registering precompiled user dll's ...
Registered in 0.004333 seconds.
Begin MonoManager ReloadAssembly
Symbol file LoadedFromMemory doesn't match image D:\Unity projects\Platforming game\Library\PackageCache\com.unity.visualscripting@1.7.8\Editor\VisualScripting.Core\Dependencies\YamlDotNet\Unity.VisualScripting.YamlDotNet.dll
Symbol file LoadedFromMemory doesn't match image D:\Unity projects\Platforming game\Library\PackageCache\com.unity.visualscripting@1.7.8\Editor\VisualScripting.Core\Dependencies\DotNetZip\Unity.VisualScripting.IonicZip.dll
Native extension for WindowsStandalone target not found
Native extension for WebGL target not found
Refreshing native plugins compatible for Editor in 0.61 ms, found 3 plugins.
Preloading 0 native plugins for Editor in 0.00 ms.
Mono: successfully reloaded assembly
- Completed reload, in  1.077 seconds
Domain Reload Profiling:
	ReloadAssembly (1078ms)
		BeginReloadAssembly (101ms)
			ExecutionOrderSort (0ms)
			DisableScriptedObjects (6ms)
			BackupInstance (0ms)
			ReleaseScriptingObjects (0ms)
			CreateAndSetChildDomain (19ms)
		EndReloadAssembly (870ms)
			LoadAssemblies (91ms)
			RebuildTransferFunctionScriptingTraits (0ms)
			SetupTypeCache (291ms)
			ReleaseScriptCaches (1ms)
			RebuildScriptCaches (50ms)
			SetupLoadedEditorAssemblies (389ms)
				LogAssemblyErrors (0ms)
				InitializePlatformSupportModulesInManaged (6ms)
				SetLoadedEditorAssemblies (0ms)
				RefreshPlugins (1ms)
				BeforeProcessingInitializeOnLoad (115ms)
				ProcessInitializeOnLoadAttributes (236ms)
				ProcessInitializeOnLoadMethodAttributes (27ms)
				AfterProcessingInitializeOnLoad (3ms)
				EditorAssembliesLoaded (0ms)
			ExecutionOrderSort2 (0ms)
			AwakeInstancesAfterBackupRestoration (6ms)
Platform modules already initialized, skipping
========================================================================
Worker process is ready to serve import requests
Launched and connected shader compiler UnityShaderCompiler.exe after 0.15 seconds
Refreshing native plugins compatible for Editor in 0.61 ms, found 3 plugins.
Preloading 0 native plugins for Editor in 0.00 ms.
Unloading 3448 Unused Serialized files (Serialized files now loaded: 0)
Unloading 27 unused Assets / (112.7 KB). Loaded Objects now: 3912.
Memory consumption went from 200.1 MB to 200.0 MB.
Total: 2.903700 ms (FindLiveObjects: 0.272200 ms CreateObjectMapping: 0.178000 ms MarkObjects: 2.338100 ms  DeleteObjects: 0.114500 ms)

AssetImportParameters requested are different than current active one (requested -> active):
  custom:video-decoder-ogg-theora: a1e56fd34408186e4bbccfd4996cb3dc -> 
  custom:container-muxer-webm: aa71ff27fc2769a1b78a27578f13a17b -> 
  custom:container-demuxer-webm: 4f35f7cbe854078d1ac9338744f61a02 -> 
  custom:video-encoder-webm-vp8: eb34c28f22e8b96e1ab97ce403110664 -> 
  custom:audio-encoder-webm-vorbis: bf7c407c2cedff20999df2af8eb42d56 -> 
  custom:framework-win-MediaFoundation: 216162199b28c13a410421893ffa2e32 -> 
  custom:container-demuxer-ogg: 62fdf1f143b41e24485cea50d1cbac27 -> 
  custom:video-decoder-webm-vp8: 9c59270c3fd7afecdb556c50c9e8de78 -> 
  custom:audio-decoder-ogg-vorbis: bf7c407c2cedff20999df2af8eb42d56 -> 
========================================================================
Received Import Request.
  Time since last request: 127878.967468 seconds.
  path: Assets/Animations/Fell02.controller
  artifactKey: Guid(c5269c00490344b4cade2419f2e48b3c) Importer(815301076,1909f56bfc062723c751e8b465ee728b)
Start importing Assets/Animations/Fell02.controller using Guid(c5269c00490344b4cade2419f2e48b3c) Importer(815301076,1909f56bfc062723c751e8b465ee728b)  -> (artifact id: '1bdb38488b50c98f9a11a654c0b45ad4') in 0.029523 seconds 
========================================================================
Received Prepare
Registering precompiled user dll's ...
Registered in 0.003903 seconds.
Begin MonoManager ReloadAssembly
Symbol file LoadedFromMemory doesn't match image D:\Unity projects\Platforming game\Library\PackageCache\com.unity.visualscripting@1.7.8\Editor\VisualScripting.Core\Dependencies\YamlDotNet\Unity.VisualScripting.YamlDotNet.dll
Symbol file LoadedFromMemory doesn't match image D:\Unity projects\Platforming game\Library\PackageCache\com.unity.visualscripting@1.7.8\Editor\VisualScripting.Core\Dependencies\DotNetZip\Unity.VisualScripting.IonicZip.dll
Native extension for WindowsStandalone target not found
Native extension for WebGL target not found
Refreshing native plugins compatible for Editor in 0.80 ms, found 3 plugins.
Preloading 0 native plugins for Editor in 0.00 ms.
Mono: successfully reloaded assembly
- Completed reload, in  1.011 seconds
Domain Reload Profiling:
	ReloadAssembly (1011ms)
		BeginReloadAssembly (124ms)
			ExecutionOrderSort (0ms)
			DisableScriptedObjects (6ms)
			BackupInstance (0ms)
			ReleaseScriptingObjects (0ms)
			CreateAndSetChildDomain (34ms)
		EndReloadAssembly (797ms)
			LoadAssemblies (78ms)
			RebuildTransferFunctionScriptingTraits (0ms)
			SetupTypeCache (274ms)
			ReleaseScriptCaches (1ms)
			RebuildScriptCaches (40ms)
			SetupLoadedEditorAssemblies (352ms)
				LogAssemblyErrors (0ms)
				InitializePlatformSupportModulesInManaged (14ms)
				SetLoadedEditorAssemblies (1ms)
				RefreshPlugins (1ms)
				BeforeProcessingInitializeOnLoad (72ms)
				ProcessInitializeOnLoadAttributes (231ms)
				ProcessInitializeOnLoadMethodAttributes (30ms)
				AfterProcessingInitializeOnLoad (3ms)
				EditorAssembliesLoaded (0ms)
			ExecutionOrderSort2 (0ms)
			AwakeInstancesAfterBackupRestoration (7ms)
Platform modules already initialized, skipping
Refreshing native plugins compatible for Editor in 1.79 ms, found 3 plugins.
Preloading 0 native plugins for Editor in 0.00 ms.
Unloading 3419 Unused Serialized files (Serialized files now loaded: 0)
Unloading 20 unused Assets / (80.9 KB). Loaded Objects now: 3915.
Memory consumption went from 197.7 MB to 197.6 MB.
Total: 2.963900 ms (FindLiveObjects: 0.309400 ms CreateObjectMapping: 0.199400 ms MarkObjects: 2.356600 ms  DeleteObjects: 0.097300 ms)

AssetImportParameters requested are different than current active one (requested -> active):
  custom:video-decoder-ogg-theora: a1e56fd34408186e4bbccfd4996cb3dc -> 
  custom:container-muxer-webm: aa71ff27fc2769a1b78a27578f13a17b -> 
  custom:container-demuxer-webm: 4f35f7cbe854078d1ac9338744f61a02 -> 
  custom:video-encoder-webm-vp8: eb34c28f22e8b96e1ab97ce403110664 -> 
  custom:audio-encoder-webm-vorbis: bf7c407c2cedff20999df2af8eb42d56 -> 
  custom:framework-win-MediaFoundation: 216162199b28c13a410421893ffa2e32 -> 
  custom:container-demuxer-ogg: 62fdf1f143b41e24485cea50d1cbac27 -> 
  custom:video-decoder-webm-vp8: 9c59270c3fd7afecdb556c50c9e8de78 -> 
  custom:audio-decoder-ogg-vorbis: bf7c407c2cedff20999df2af8eb42d56 -> 
========================================================================
Received Import Request.
  Time since last request: 67.906493 seconds.
  path: Assets/Animations/Fell02.anim
  artifactKey: Guid(0c19de420eda208478a663102fac6b91) Importer(815301076,1909f56bfc062723c751e8b465ee728b)
Start importing Assets/Animations/Fell02.anim using Guid(0c19de420eda208478a663102fac6b91) Importer(815301076,1909f56bfc062723c751e8b465ee728b)  -> (artifact id: '5d84f4a1da191d2c26c071ace4768232') in 0.019818 seconds 
========================================================================
Received Import Request.
  Time since last request: 2.921537 seconds.
  path: Assets/Animations/Fell01.anim
  artifactKey: Guid(931fa255df1280e45abf341844464600) Importer(815301076,1909f56bfc062723c751e8b465ee728b)
Start importing Assets/Animations/Fell01.anim using Guid(931fa255df1280e45abf341844464600) Importer(815301076,1909f56bfc062723c751e8b465ee728b)  -> (artifact id: '781f70c3fe0ed7300c0adc027afb9d0b') in 0.005805 seconds 
========================================================================
Received Import Request.
  Time since last request: 210.937016 seconds.
  path: Assets/Scripts/LevelDeath.cs
  artifactKey: Guid(562669459df619347bbcc54657c40316) Importer(815301076,1909f56bfc062723c751e8b465ee728b)
Start importing Assets/Scripts/LevelDeath.cs using Guid(562669459df619347bbcc54657c40316) Importer(815301076,1909f56bfc062723c751e8b465ee728b)  -> (artifact id: '8dcdb9b422e3de76462850e7c651c6c6') in 0.120129 seconds 
========================================================================
Received Prepare
Registering precompiled user dll's ...
Registered in 0.003888 seconds.
Begin MonoManager ReloadAssembly
Symbol file LoadedFromMemory doesn't match image D:\Unity projects\Platforming game\Library\PackageCache\com.unity.visualscripting@1.7.8\Editor\VisualScripting.Core\Dependencies\YamlDotNet\Unity.VisualScripting.YamlDotNet.dll
Symbol file LoadedFromMemory doesn't match image D:\Unity projects\Platforming game\Library\PackageCache\com.unity.visualscripting@1.7.8\Editor\VisualScripting.Core\Dependencies\DotNetZip\Unity.VisualScripting.IonicZip.dll
Native extension for WindowsStandalone target not found
Native extension for WebGL target not found
Refreshing native plugins compatible for Editor in 0.60 ms, found 3 plugins.
Preloading 0 native plugins for Editor in 0.00 ms.
Mono: successfully reloaded assembly
- Completed reload, in  0.985 seconds
Domain Reload Profiling:
	ReloadAssembly (986ms)
		BeginReloadAssembly (134ms)
			ExecutionOrderSort (0ms)
			DisableScriptedObjects (6ms)
			BackupInstance (0ms)
			ReleaseScriptingObjects (0ms)
			CreateAndSetChildDomain (37ms)
		EndReloadAssembly (750ms)
			LoadAssemblies (79ms)
			RebuildTransferFunctionScriptingTraits (0ms)
			SetupTypeCache (291ms)
			ReleaseScriptCaches (1ms)
			RebuildScriptCaches (40ms)
			SetupLoadedEditorAssemblies (304ms)
				LogAssemblyErrors (0ms)
				InitializePlatformSupportModulesInManaged (13ms)
				SetLoadedEditorAssemblies (0ms)
				RefreshPlugins (1ms)
				BeforeProcessingInitializeOnLoad (66ms)
				ProcessInitializeOnLoadAttributes (195ms)
				ProcessInitializeOnLoadMethodAttributes (27ms)
				AfterProcessingInitializeOnLoad (3ms)
				EditorAssembliesLoaded (0ms)
			ExecutionOrderSort2 (0ms)
			AwakeInstancesAfterBackupRestoration (6ms)
Platform modules already initialized, skipping
Refreshing native plugins compatible for Editor in 1.70 ms, found 3 plugins.
Preloading 0 native plugins for Editor in 0.00 ms.
Unloading 3419 Unused Serialized files (Serialized files now loaded: 0)
Unloading 20 unused Assets / (81.0 KB). Loaded Objects now: 3918.
Memory consumption went from 197.8 MB to 197.7 MB.
Total: 3.254100 ms (FindLiveObjects: 0.323600 ms CreateObjectMapping: 0.208900 ms MarkObjects: 2.627000 ms  DeleteObjects: 0.093700 ms)

AssetImportParameters requested are different than current active one (requested -> active):
  custom:video-decoder-ogg-theora: a1e56fd34408186e4bbccfd4996cb3dc -> 
  custom:container-muxer-webm: aa71ff27fc2769a1b78a27578f13a17b -> 
  custom:container-demuxer-webm: 4f35f7cbe854078d1ac9338744f61a02 -> 
  custom:video-encoder-webm-vp8: eb34c28f22e8b96e1ab97ce403110664 -> 
  custom:audio-encoder-webm-vorbis: bf7c407c2cedff20999df2af8eb42d56 -> 
  custom:framework-win-MediaFoundation: 216162199b28c13a410421893ffa2e32 -> 
  custom:container-demuxer-ogg: 62fdf1f143b41e24485cea50d1cbac27 -> 
  custom:video-decoder-webm-vp8: 9c59270c3fd7afecdb556c50c9e8de78 -> 
  custom:audio-decoder-ogg-vorbis: bf7c407c2cedff20999df2af8eb42d56 -> 
========================================================================
Received Prepare
Registering precompiled user dll's ...
Registered in 0.003995 seconds.
Begin MonoManager ReloadAssembly
Symbol file LoadedFromMemory doesn't match image D:\Unity projects\Platforming game\Library\PackageCache\com.unity.visualscripting@1.7.8\Editor\VisualScripting.Core\Dependencies\YamlDotNet\Unity.VisualScripting.YamlDotNet.dll
Symbol file LoadedFromMemory doesn't match image D:\Unity projects\Platforming game\Library\PackageCache\com.unity.visualscripting@1.7.8\Editor\VisualScripting.Core\Dependencies\DotNetZip\Unity.VisualScripting.IonicZip.dll
Native extension for WindowsStandalone target not found
Native extension for WebGL target not found
Refreshing native plugins compatible for Editor in 0.63 ms, found 3 plugins.
Preloading 0 native plugins for Editor in 0.00 ms.
Mono: successfully reloaded assembly
- Completed reload, in  1.070 seconds
Domain Reload Profiling:
	ReloadAssembly (1071ms)
		BeginReloadAssembly (121ms)
			ExecutionOrderSort (0ms)
			DisableScriptedObjects (6ms)
			BackupInstance (0ms)
			ReleaseScriptingObjects (0ms)
			CreateAndSetChildDomain (33ms)
		EndReloadAssembly (856ms)
			LoadAssemblies (72ms)
			RebuildTransferFunctionScriptingTraits (0ms)
			SetupTypeCache (281ms)
			ReleaseScriptCaches (1ms)
			RebuildScriptCaches (46ms)
			SetupLoadedEditorAssemblies (397ms)
				LogAssemblyErrors (0ms)
				InitializePlatformSupportModulesInManaged (22ms)
				SetLoadedEditorAssemblies (1ms)
				RefreshPlugins (1ms)
				BeforeProcessingInitializeOnLoad (109ms)
				ProcessInitializeOnLoadAttributes (229ms)
				ProcessInitializeOnLoadMethodAttributes (32ms)
				AfterProcessingInitializeOnLoad (3ms)
				EditorAssembliesLoaded (0ms)
			ExecutionOrderSort2 (0ms)
			AwakeInstancesAfterBackupRestoration (7ms)
Platform modules already initialized, skipping
Refreshing native plugins compatible for Editor in 1.78 ms, found 3 plugins.
Preloading 0 native plugins for Editor in 0.00 ms.
Unloading 3419 Unused Serialized files (Serialized files now loaded: 0)
Unloading 20 unused Assets / (81.1 KB). Loaded Objects now: 3921.
Memory consumption went from 197.8 MB to 197.8 MB.
Total: 2.898600 ms (FindLiveObjects: 0.276000 ms CreateObjectMapping: 0.163000 ms MarkObjects: 2.359800 ms  DeleteObjects: 0.098600 ms)

AssetImportParameters requested are different than current active one (requested -> active):
  custom:video-decoder-ogg-theora: a1e56fd34408186e4bbccfd4996cb3dc -> 
  custom:container-muxer-webm: aa71ff27fc2769a1b78a27578f13a17b -> 
  custom:container-demuxer-webm: 4f35f7cbe854078d1ac9338744f61a02 -> 
  custom:video-encoder-webm-vp8: eb34c28f22e8b96e1ab97ce403110664 -> 
  custom:audio-encoder-webm-vorbis: bf7c407c2cedff20999df2af8eb42d56 -> 
  custom:framework-win-MediaFoundation: 216162199b28c13a410421893ffa2e32 -> 
  custom:container-demuxer-ogg: 62fdf1f143b41e24485cea50d1cbac27 -> 
  custom:video-decoder-webm-vp8: 9c59270c3fd7afecdb556c50c9e8de78 -> 
  custom:audio-decoder-ogg-vorbis: bf7c407c2cedff20999df2af8eb42d56 -> 
========================================================================
Received Prepare
Registering precompiled user dll's ...
Registered in 0.004237 seconds.
Begin MonoManager ReloadAssembly
Symbol file LoadedFromMemory doesn't match image D:\Unity projects\Platforming game\Library\PackageCache\com.unity.visualscripting@1.7.8\Editor\VisualScripting.Core\Dependencies\YamlDotNet\Unity.VisualScripting.YamlDotNet.dll
Symbol file LoadedFromMemory doesn't match image D:\Unity projects\Platforming game\Library\PackageCache\com.unity.visualscripting@1.7.8\Editor\VisualScripting.Core\Dependencies\DotNetZip\Unity.VisualScripting.IonicZip.dll
Native extension for WindowsStandalone target not found
Native extension for WebGL target not found
Refreshing native plugins compatible for Editor in 0.72 ms, found 3 plugins.
Preloading 0 native plugins for Editor in 0.00 ms.
Mono: successfully reloaded assembly
- Completed reload, in  1.048 seconds
Domain Reload Profiling:
	ReloadAssembly (1049ms)
		BeginReloadAssembly (124ms)
			ExecutionOrderSort (0ms)
			DisableScriptedObjects (7ms)
			BackupInstance (0ms)
			ReleaseScriptingObjects (0ms)
			CreateAndSetChildDomain (34ms)
		EndReloadAssembly (835ms)
			LoadAssemblies (73ms)
			RebuildTransferFunctionScriptingTraits (0ms)
			SetupTypeCache (266ms)
			ReleaseScriptCaches (1ms)
			RebuildScriptCaches (42ms)
			SetupLoadedEditorAssemblies (399ms)
				LogAssemblyErrors (0ms)
				InitializePlatformSupportModulesInManaged (14ms)
				SetLoadedEditorAssemblies (0ms)
				RefreshPlugins (1ms)
				BeforeProcessingInitializeOnLoad (77ms)
				ProcessInitializeOnLoadAttributes (270ms)
				ProcessInitializeOnLoadMethodAttributes (32ms)
				AfterProcessingInitializeOnLoad (3ms)
				EditorAssembliesLoaded (0ms)
			ExecutionOrderSort2 (0ms)
			AwakeInstancesAfterBackupRestoration (7ms)
Platform modules already initialized, skipping
Refreshing native plugins compatible for Editor in 1.82 ms, found 3 plugins.
Preloading 0 native plugins for Editor in 0.00 ms.
Unloading 3419 Unused Serialized files (Serialized files now loaded: 0)
Unloading 20 unused Assets / (81.0 KB). Loaded Objects now: 3924.
Memory consumption went from 197.8 MB to 197.8 MB.
Total: 2.973400 ms (FindLiveObjects: 0.306100 ms CreateObjectMapping: 0.233800 ms MarkObjects: 2.329200 ms  DeleteObjects: 0.103100 ms)

AssetImportParameters requested are different than current active one (requested -> active):
  custom:video-decoder-ogg-theora: a1e56fd34408186e4bbccfd4996cb3dc -> 
  custom:container-muxer-webm: aa71ff27fc2769a1b78a27578f13a17b -> 
  custom:container-demuxer-webm: 4f35f7cbe854078d1ac9338744f61a02 -> 
  custom:video-encoder-webm-vp8: eb34c28f22e8b96e1ab97ce403110664 -> 
  custom:audio-encoder-webm-vorbis: bf7c407c2cedff20999df2af8eb42d56 -> 
  custom:framework-win-MediaFoundation: 216162199b28c13a410421893ffa2e32 -> 
  custom:container-demuxer-ogg: 62fdf1f143b41e24485cea50d1cbac27 -> 
  custom:video-decoder-webm-vp8: 9c59270c3fd7afecdb556c50c9e8de78 -> 
  custom:audio-decoder-ogg-vorbis: bf7c407c2cedff20999df2af8eb42d56 -> 
========================================================================
Received Prepare
Registering precompiled user dll's ...
Registered in 0.004194 seconds.
Begin MonoManager ReloadAssembly
Symbol file LoadedFromMemory doesn't match image D:\Unity projects\Platforming game\Library\PackageCache\com.unity.visualscripting@1.7.8\Editor\VisualScripting.Core\Dependencies\YamlDotNet\Unity.VisualScripting.YamlDotNet.dll
Symbol file LoadedFromMemory doesn't match image D:\Unity projects\Platforming game\Library\PackageCache\com.unity.visualscripting@1.7.8\Editor\VisualScripting.Core\Dependencies\DotNetZip\Unity.VisualScripting.IonicZip.dll
Native extension for WindowsStandalone target not found
Native extension for WebGL target not found
Refreshing native plugins compatible for Editor in 0.60 ms, found 3 plugins.
Preloading 0 native plugins for Editor in 0.00 ms.
Mono: successfully reloaded assembly
- Completed reload, in  1.042 seconds
Domain Reload Profiling:
	ReloadAssembly (1043ms)
		BeginReloadAssembly (124ms)
			ExecutionOrderSort (0ms)
			DisableScriptedObjects (6ms)
			BackupInstance (0ms)
			ReleaseScriptingObjects (0ms)
			CreateAndSetChildDomain (33ms)
		EndReloadAssembly (820ms)
			LoadAssemblies (77ms)
			RebuildTransferFunctionScriptingTraits (0ms)
			SetupTypeCache (342ms)
			ReleaseScriptCaches (1ms)
			RebuildScriptCaches (39ms)
			SetupLoadedEditorAssemblies (318ms)
				LogAssemblyErrors (0ms)
				InitializePlatformSupportModulesInManaged (13ms)
				SetLoadedEditorAssemblies (0ms)
				RefreshPlugins (1ms)
				BeforeProcessingInitializeOnLoad (65ms)
				ProcessInitializeOnLoadAttributes (209ms)
				ProcessInitializeOnLoadMethodAttributes (28ms)
				AfterProcessingInitializeOnLoad (3ms)
				EditorAssembliesLoaded (0ms)
			ExecutionOrderSort2 (0ms)
			AwakeInstancesAfterBackupRestoration (6ms)
Platform modules already initialized, skipping
Refreshing native plugins compatible for Editor in 1.46 ms, found 3 plugins.
Preloading 0 native plugins for Editor in 0.00 ms.
Unloading 3419 Unused Serialized files (Serialized files now loaded: 0)
Unloading 20 unused Assets / (81.0 KB). Loaded Objects now: 3927.
Memory consumption went from 197.8 MB to 197.8 MB.
Total: 3.066600 ms (FindLiveObjects: 0.253700 ms CreateObjectMapping: 0.145400 ms MarkObjects: 2.569000 ms  DeleteObjects: 0.097500 ms)

AssetImportParameters requested are different than current active one (requested -> active):
  custom:video-decoder-ogg-theora: a1e56fd34408186e4bbccfd4996cb3dc -> 
  custom:container-muxer-webm: aa71ff27fc2769a1b78a27578f13a17b -> 
  custom:container-demuxer-webm: 4f35f7cbe854078d1ac9338744f61a02 -> 
  custom:video-encoder-webm-vp8: eb34c28f22e8b96e1ab97ce403110664 -> 
  custom:audio-encoder-webm-vorbis: bf7c407c2cedff20999df2af8eb42d56 -> 
  custom:framework-win-MediaFoundation: 216162199b28c13a410421893ffa2e32 -> 
  custom:container-demuxer-ogg: 62fdf1f143b41e24485cea50d1cbac27 -> 
  custom:video-decoder-webm-vp8: 9c59270c3fd7afecdb556c50c9e8de78 -> 
  custom:audio-decoder-ogg-vorbis: bf7c407c2cedff20999df2af8eb42d56 -> 
========================================================================
Received Import Request.
  Time since last request: 298.137373 seconds.
  path: Assets/Animations/FadeOut.anim
  artifactKey: Guid(188769b1870e41d4986b457909d71790) Importer(815301076,1909f56bfc062723c751e8b465ee728b)
Start importing Assets/Animations/FadeOut.anim using Guid(188769b1870e41d4986b457909d71790) Importer(815301076,1909f56bfc062723c751e8b465ee728b)  -> (artifact id: '27e76e51dbd47acd177e6bb97477fa4d') in 0.035317 seconds 
========================================================================
Received Prepare
Registering precompiled user dll's ...
Registered in 0.004302 seconds.
Begin MonoManager ReloadAssembly
Symbol file LoadedFromMemory doesn't match image D:\Unity projects\Platforming game\Library\PackageCache\com.unity.visualscripting@1.7.8\Editor\VisualScripting.Core\Dependencies\YamlDotNet\Unity.VisualScripting.YamlDotNet.dll
Symbol file LoadedFromMemory doesn't match image D:\Unity projects\Platforming game\Library\PackageCache\com.unity.visualscripting@1.7.8\Editor\VisualScripting.Core\Dependencies\DotNetZip\Unity.VisualScripting.IonicZip.dll
Native extension for WindowsStandalone target not found
Native extension for WebGL target not found
Refreshing native plugins compatible for Editor in 0.69 ms, found 3 plugins.
Preloading 0 native plugins for Editor in 0.00 ms.
Mono: successfully reloaded assembly
- Completed reload, in  1.046 seconds
Domain Reload Profiling:
	ReloadAssembly (1046ms)
		BeginReloadAssembly (127ms)
			ExecutionOrderSort (0ms)
			DisableScriptedObjects (6ms)
			BackupInstance (0ms)
			ReleaseScriptingObjects (0ms)
			CreateAndSetChildDomain (35ms)
		EndReloadAssembly (828ms)
			LoadAssemblies (76ms)
			RebuildTransferFunctionScriptingTraits (0ms)
			SetupTypeCache (272ms)
			ReleaseScriptCaches (1ms)
			RebuildScriptCaches (44ms)
			SetupLoadedEditorAssemblies (381ms)
				LogAssemblyErrors (0ms)
				InitializePlatformSupportModulesInManaged (15ms)
				SetLoadedEditorAssemblies (0ms)
				RefreshPlugins (1ms)
				BeforeProcessingInitializeOnLoad (74ms)
				ProcessInitializeOnLoadAttributes (254ms)
				ProcessInitializeOnLoadMethodAttributes (33ms)
				AfterProcessingInitializeOnLoad (3ms)
				EditorAssembliesLoaded (0ms)
			ExecutionOrderSort2 (0ms)
			AwakeInstancesAfterBackupRestoration (7ms)
Platform modules already initialized, skipping
Refreshing native plugins compatible for Editor in 1.92 ms, found 3 plugins.
Preloading 0 native plugins for Editor in 0.00 ms.
Unloading 3419 Unused Serialized files (Serialized files now loaded: 0)
Unloading 20 unused Assets / (81.0 KB). Loaded Objects now: 3930.
Memory consumption went from 197.9 MB to 197.8 MB.
Total: 3.077700 ms (FindLiveObjects: 0.283400 ms CreateObjectMapping: 0.270800 ms MarkObjects: 2.415200 ms  DeleteObjects: 0.106800 ms)

AssetImportParameters requested are different than current active one (requested -> active):
  custom:video-decoder-ogg-theora: a1e56fd34408186e4bbccfd4996cb3dc -> 
  custom:container-muxer-webm: aa71ff27fc2769a1b78a27578f13a17b -> 
  custom:container-demuxer-webm: 4f35f7cbe854078d1ac9338744f61a02 -> 
  custom:video-encoder-webm-vp8: eb34c28f22e8b96e1ab97ce403110664 -> 
  custom:audio-encoder-webm-vorbis: bf7c407c2cedff20999df2af8eb42d56 -> 
  custom:framework-win-MediaFoundation: 216162199b28c13a410421893ffa2e32 -> 
  custom:container-demuxer-ogg: 62fdf1f143b41e24485cea50d1cbac27 -> 
  custom:video-decoder-webm-vp8: 9c59270c3fd7afecdb556c50c9e8de78 -> 
  custom:audio-decoder-ogg-vorbis: bf7c407c2cedff20999df2af8eb42d56 -> 
========================================================================
Received Import Request.
  Time since last request: 25.244716 seconds.
  path: Assets/Animations/FadeOut.anim
  artifactKey: Guid(188769b1870e41d4986b457909d71790) Importer(815301076,1909f56bfc062723c751e8b465ee728b)
Start importing Assets/Animations/FadeOut.anim using Guid(188769b1870e41d4986b457909d71790) Importer(815301076,1909f56bfc062723c751e8b465ee728b)  -> (artifact id: 'd4b4a94f968f3b58fac53b0293ba70de') in 0.018584 seconds 
========================================================================
Received Prepare
Registering precompiled user dll's ...
Registered in 0.004177 seconds.
Begin MonoManager ReloadAssembly
Symbol file LoadedFromMemory doesn't match image D:\Unity projects\Platforming game\Library\PackageCache\com.unity.visualscripting@1.7.8\Editor\VisualScripting.Core\Dependencies\YamlDotNet\Unity.VisualScripting.YamlDotNet.dll
Symbol file LoadedFromMemory doesn't match image D:\Unity projects\Platforming game\Library\PackageCache\com.unity.visualscripting@1.7.8\Editor\VisualScripting.Core\Dependencies\DotNetZip\Unity.VisualScripting.IonicZip.dll
Native extension for WindowsStandalone target not found
Native extension for WebGL target not found
Refreshing native plugins compatible for Editor in 0.74 ms, found 3 plugins.
Preloading 0 native plugins for Editor in 0.00 ms.
Mono: successfully reloaded assembly
- Completed reload, in  0.990 seconds
Domain Reload Profiling:
	ReloadAssembly (990ms)
		BeginReloadAssembly (127ms)
			ExecutionOrderSort (0ms)
			DisableScriptedObjects (6ms)
			BackupInstance (0ms)
			ReleaseScriptingObjects (0ms)
			CreateAndSetChildDomain (37ms)
		EndReloadAssembly (771ms)
			LoadAssemblies (74ms)
			RebuildTransferFunctionScriptingTraits (0ms)
			SetupTypeCache (311ms)
			ReleaseScriptCaches (1ms)
			RebuildScriptCaches (39ms)
			SetupLoadedEditorAssemblies (305ms)
				LogAssemblyErrors (0ms)
				InitializePlatformSupportModulesInManaged (12ms)
				SetLoadedEditorAssemblies (0ms)
				RefreshPlugins (1ms)
				BeforeProcessingInitializeOnLoad (64ms)
				ProcessInitializeOnLoadAttributes (198ms)
				ProcessInitializeOnLoadMethodAttributes (27ms)
				AfterProcessingInitializeOnLoad (3ms)
				EditorAssembliesLoaded (0ms)
			ExecutionOrderSort2 (0ms)
			AwakeInstancesAfterBackupRestoration (8ms)
Platform modules already initialized, skipping
Refreshing native plugins compatible for Editor in 1.53 ms, found 3 plugins.
Preloading 0 native plugins for Editor in 0.00 ms.
Unloading 3419 Unused Serialized files (Serialized files now loaded: 0)
Unloading 20 unused Assets / (81.1 KB). Loaded Objects now: 3933.
Memory consumption went from 197.9 MB to 197.8 MB.
Total: 3.026100 ms (FindLiveObjects: 0.245200 ms CreateObjectMapping: 0.152100 ms MarkObjects: 2.538700 ms  DeleteObjects: 0.089100 ms)

AssetImportParameters requested are different than current active one (requested -> active):
  custom:video-decoder-ogg-theora: a1e56fd34408186e4bbccfd4996cb3dc -> 
  custom:container-muxer-webm: aa71ff27fc2769a1b78a27578f13a17b -> 
  custom:container-demuxer-webm: 4f35f7cbe854078d1ac9338744f61a02 -> 
  custom:video-encoder-webm-vp8: eb34c28f22e8b96e1ab97ce403110664 -> 
  custom:audio-encoder-webm-vorbis: bf7c407c2cedff20999df2af8eb42d56 -> 
  custom:framework-win-MediaFoundation: 216162199b28c13a410421893ffa2e32 -> 
  custom:container-demuxer-ogg: 62fdf1f143b41e24485cea50d1cbac27 -> 
  custom:video-decoder-webm-vp8: 9c59270c3fd7afecdb556c50c9e8de78 -> 
  custom:audio-decoder-ogg-vorbis: bf7c407c2cedff20999df2af8eb42d56 -> 
========================================================================
Received Prepare
Registering precompiled user dll's ...
Registered in 0.005184 seconds.
Begin MonoManager ReloadAssembly
Symbol file LoadedFromMemory doesn't match image D:\Unity projects\Platforming game\Library\PackageCache\com.unity.visualscripting@1.7.8\Editor\VisualScripting.Core\Dependencies\YamlDotNet\Unity.VisualScripting.YamlDotNet.dll
Symbol file LoadedFromMemory doesn't match image D:\Unity projects\Platforming game\Library\PackageCache\com.unity.visualscripting@1.7.8\Editor\VisualScripting.Core\Dependencies\DotNetZip\Unity.VisualScripting.IonicZip.dll
Native extension for WindowsStandalone target not found
Native extension for WebGL target not found
Refreshing native plugins compatible for Editor in 0.70 ms, found 3 plugins.
Preloading 0 native plugins for Editor in 0.00 ms.
Mono: successfully reloaded assembly
- Completed reload, in  1.143 seconds
Domain Reload Profiling:
	ReloadAssembly (1144ms)
		BeginReloadAssembly (130ms)
			ExecutionOrderSort (0ms)
			DisableScriptedObjects (6ms)
			BackupInstance (0ms)
			ReleaseScriptingObjects (0ms)
			CreateAndSetChildDomain (35ms)
		EndReloadAssembly (920ms)
			LoadAssemblies (77ms)
			RebuildTransferFunctionScriptingTraits (0ms)
			SetupTypeCache (330ms)
			ReleaseScriptCaches (1ms)
			RebuildScriptCaches (54ms)
			SetupLoadedEditorAssemblies (398ms)
				LogAssemblyErrors (0ms)
				InitializePlatformSupportModulesInManaged (19ms)
				SetLoadedEditorAssemblies (1ms)
				RefreshPlugins (1ms)
				BeforeProcessingInitializeOnLoad (87ms)
				ProcessInitializeOnLoadAttributes (255ms)
				ProcessInitializeOnLoadMethodAttributes (33ms)
				AfterProcessingInitializeOnLoad (4ms)
				EditorAssembliesLoaded (0ms)
			ExecutionOrderSort2 (0ms)
			AwakeInstancesAfterBackupRestoration (8ms)
Platform modules already initialized, skipping
Refreshing native plugins compatible for Editor in 1.60 ms, found 3 plugins.
Preloading 0 native plugins for Editor in 0.00 ms.
Unloading 3419 Unused Serialized files (Serialized files now loaded: 0)
Unloading 20 unused Assets / (81.1 KB). Loaded Objects now: 3936.
Memory consumption went from 197.9 MB to 197.8 MB.
Total: 2.984900 ms (FindLiveObjects: 0.267400 ms CreateObjectMapping: 0.171100 ms MarkObjects: 2.445100 ms  DeleteObjects: 0.099900 ms)

AssetImportParameters requested are different than current active one (requested -> active):
  custom:video-decoder-ogg-theora: a1e56fd34408186e4bbccfd4996cb3dc -> 
  custom:container-muxer-webm: aa71ff27fc2769a1b78a27578f13a17b -> 
  custom:container-demuxer-webm: 4f35f7cbe854078d1ac9338744f61a02 -> 
  custom:video-encoder-webm-vp8: eb34c28f22e8b96e1ab97ce403110664 -> 
  custom:audio-encoder-webm-vorbis: bf7c407c2cedff20999df2af8eb42d56 -> 
  custom:framework-win-MediaFoundation: 216162199b28c13a410421893ffa2e32 -> 
  custom:container-demuxer-ogg: 62fdf1f143b41e24485cea50d1cbac27 -> 
  custom:video-decoder-webm-vp8: 9c59270c3fd7afecdb556c50c9e8de78 -> 
  custom:audio-decoder-ogg-vorbis: bf7c407c2cedff20999df2af8eb42d56 -> 
========================================================================
Received Prepare
Registering precompiled user dll's ...
Registered in 0.004093 seconds.
Begin MonoManager ReloadAssembly
Symbol file LoadedFromMemory doesn't match image D:\Unity projects\Platforming game\Library\PackageCache\com.unity.visualscripting@1.7.8\Editor\VisualScripting.Core\Dependencies\YamlDotNet\Unity.VisualScripting.YamlDotNet.dll
Symbol file LoadedFromMemory doesn't match image D:\Unity projects\Platforming game\Library\PackageCache\com.unity.visualscripting@1.7.8\Editor\VisualScripting.Core\Dependencies\DotNetZip\Unity.VisualScripting.IonicZip.dll
Native extension for WindowsStandalone target not found
Native extension for WebGL target not found
Refreshing native plugins compatible for Editor in 0.59 ms, found 3 plugins.
Preloading 0 native plugins for Editor in 0.00 ms.
Mono: successfully reloaded assembly
- Completed reload, in  0.967 seconds
Domain Reload Profiling:
	ReloadAssembly (967ms)
		BeginReloadAssembly (125ms)
			ExecutionOrderSort (0ms)
			DisableScriptedObjects (6ms)
			BackupInstance (0ms)
			ReleaseScriptingObjects (0ms)
			CreateAndSetChildDomain (33ms)
		EndReloadAssembly (750ms)
			LoadAssemblies (81ms)
			RebuildTransferFunctionScriptingTraits (0ms)
			SetupTypeCache (291ms)
			ReleaseScriptCaches (1ms)
			RebuildScriptCaches (39ms)
			SetupLoadedEditorAssemblies (298ms)
				LogAssemblyErrors (0ms)
				InitializePlatformSupportModulesInManaged (13ms)
				SetLoadedEditorAssemblies (0ms)
				RefreshPlugins (1ms)
				BeforeProcessingInitializeOnLoad (63ms)
				ProcessInitializeOnLoadAttributes (192ms)
				ProcessInitializeOnLoadMethodAttributes (26ms)
				AfterProcessingInitializeOnLoad (3ms)
				EditorAssembliesLoaded (0ms)
			ExecutionOrderSort2 (0ms)
			AwakeInstancesAfterBackupRestoration (7ms)
Platform modules already initialized, skipping
Refreshing native plugins compatible for Editor in 1.47 ms, found 3 plugins.
Preloading 0 native plugins for Editor in 0.00 ms.
Unloading 3419 Unused Serialized files (Serialized files now loaded: 0)
Unloading 20 unused Assets / (81.1 KB). Loaded Objects now: 3939.
Memory consumption went from 197.9 MB to 197.8 MB.
Total: 3.152900 ms (FindLiveObjects: 0.252600 ms CreateObjectMapping: 0.156500 ms MarkObjects: 2.647700 ms  DeleteObjects: 0.095200 ms)

AssetImportParameters requested are different than current active one (requested -> active):
  custom:video-decoder-ogg-theora: a1e56fd34408186e4bbccfd4996cb3dc -> 
  custom:container-muxer-webm: aa71ff27fc2769a1b78a27578f13a17b -> 
  custom:container-demuxer-webm: 4f35f7cbe854078d1ac9338744f61a02 -> 
  custom:video-encoder-webm-vp8: eb34c28f22e8b96e1ab97ce403110664 -> 
  custom:audio-encoder-webm-vorbis: bf7c407c2cedff20999df2af8eb42d56 -> 
  custom:framework-win-MediaFoundation: 216162199b28c13a410421893ffa2e32 -> 
  custom:container-demuxer-ogg: 62fdf1f143b41e24485cea50d1cbac27 -> 
  custom:video-decoder-webm-vp8: 9c59270c3fd7afecdb556c50c9e8de78 -> 
  custom:audio-decoder-ogg-vorbis: bf7c407c2cedff20999df2af8eb42d56 -> 
========================================================================
Received Prepare
Registering precompiled user dll's ...
Registered in 0.004162 seconds.
Begin MonoManager ReloadAssembly
Symbol file LoadedFromMemory doesn't match image D:\Unity projects\Platforming game\Library\PackageCache\com.unity.visualscripting@1.7.8\Editor\VisualScripting.Core\Dependencies\YamlDotNet\Unity.VisualScripting.YamlDotNet.dll
Symbol file LoadedFromMemory doesn't match image D:\Unity projects\Platforming game\Library\PackageCache\com.unity.visualscripting@1.7.8\Editor\VisualScripting.Core\Dependencies\DotNetZip\Unity.VisualScripting.IonicZip.dll
Native extension for WindowsStandalone target not found
Native extension for WebGL target not found
Refreshing native plugins compatible for Editor in 0.62 ms, found 3 plugins.
Preloading 0 native plugins for Editor in 0.00 ms.
Mono: successfully reloaded assembly
- Completed reload, in  0.941 seconds
Domain Reload Profiling:
	ReloadAssembly (942ms)
		BeginReloadAssembly (123ms)
			ExecutionOrderSort (0ms)
			DisableScriptedObjects (6ms)
			BackupInstance (0ms)
			ReleaseScriptingObjects (0ms)
			CreateAndSetChildDomain (33ms)
		EndReloadAssembly (720ms)
			LoadAssemblies (72ms)
			RebuildTransferFunctionScriptingTraits (0ms)
			SetupTypeCache (254ms)
			ReleaseScriptCaches (1ms)
			RebuildScriptCaches (42ms)
			SetupLoadedEditorAssemblies (309ms)
				LogAssemblyErrors (0ms)
				InitializePlatformSupportModulesInManaged (13ms)
				SetLoadedEditorAssemblies (0ms)
				RefreshPlugins (1ms)
				BeforeProcessingInitializeOnLoad (64ms)
				ProcessInitializeOnLoadAttributes (201ms)
				ProcessInitializeOnLoadMethodAttributes (28ms)
				AfterProcessingInitializeOnLoad (3ms)
				EditorAssembliesLoaded (0ms)
			ExecutionOrderSort2 (0ms)
			AwakeInstancesAfterBackupRestoration (7ms)
Platform modules already initialized, skipping
Refreshing native plugins compatible for Editor in 1.83 ms, found 3 plugins.
Preloading 0 native plugins for Editor in 0.00 ms.
Unloading 3419 Unused Serialized files (Serialized files now loaded: 0)
Unloading 20 unused Assets / (81.0 KB). Loaded Objects now: 3942.
Memory consumption went from 197.9 MB to 197.8 MB.
Total: 3.054600 ms (FindLiveObjects: 0.269800 ms CreateObjectMapping: 0.160800 ms MarkObjects: 2.516900 ms  DeleteObjects: 0.105900 ms)

AssetImportParameters requested are different than current active one (requested -> active):
  custom:video-decoder-ogg-theora: a1e56fd34408186e4bbccfd4996cb3dc -> 
  custom:container-muxer-webm: aa71ff27fc2769a1b78a27578f13a17b -> 
  custom:container-demuxer-webm: 4f35f7cbe854078d1ac9338744f61a02 -> 
  custom:video-encoder-webm-vp8: eb34c28f22e8b96e1ab97ce403110664 -> 
  custom:audio-encoder-webm-vorbis: bf7c407c2cedff20999df2af8eb42d56 -> 
  custom:framework-win-MediaFoundation: 216162199b28c13a410421893ffa2e32 -> 
  custom:container-demuxer-ogg: 62fdf1f143b41e24485cea50d1cbac27 -> 
  custom:video-decoder-webm-vp8: 9c59270c3fd7afecdb556c50c9e8de78 -> 
  custom:audio-decoder-ogg-vorbis: bf7c407c2cedff20999df2af8eb42d56 -> 
========================================================================
Received Prepare
Registering precompiled user dll's ...
Registered in 0.004738 seconds.
Begin MonoManager ReloadAssembly
Symbol file LoadedFromMemory doesn't match image D:\Unity projects\Platforming game\Library\PackageCache\com.unity.visualscripting@1.7.8\Editor\VisualScripting.Core\Dependencies\YamlDotNet\Unity.VisualScripting.YamlDotNet.dll
Symbol file LoadedFromMemory doesn't match image D:\Unity projects\Platforming game\Library\PackageCache\com.unity.visualscripting@1.7.8\Editor\VisualScripting.Core\Dependencies\DotNetZip\Unity.VisualScripting.IonicZip.dll
Native extension for WindowsStandalone target not found
Native extension for WebGL target not found
Refreshing native plugins compatible for Editor in 0.71 ms, found 3 plugins.
Preloading 0 native plugins for Editor in 0.00 ms.
Mono: successfully reloaded assembly
- Completed reload, in  1.111 seconds
Domain Reload Profiling:
	ReloadAssembly (1111ms)
		BeginReloadAssembly (121ms)
			ExecutionOrderSort (0ms)
			DisableScriptedObjects (5ms)
			BackupInstance (0ms)
			ReleaseScriptingObjects (0ms)
			CreateAndSetChildDomain (31ms)
		EndReloadAssembly (899ms)
			LoadAssemblies (72ms)
			RebuildTransferFunctionScriptingTraits (0ms)
			SetupTypeCache (281ms)
			ReleaseScriptCaches (1ms)
			RebuildScriptCaches (43ms)
			SetupLoadedEditorAssemblies (448ms)
				LogAssemblyErrors (0ms)
				InitializePlatformSupportModulesInManaged (14ms)
				SetLoadedEditorAssemblies (1ms)
				RefreshPlugins (1ms)
				BeforeProcessingInitializeOnLoad (75ms)
				ProcessInitializeOnLoadAttributes (297ms)
				ProcessInitializeOnLoadMethodAttributes (52ms)
				AfterProcessingInitializeOnLoad (7ms)
				EditorAssembliesLoaded (0ms)
			ExecutionOrderSort2 (0ms)
			AwakeInstancesAfterBackupRestoration (11ms)
Platform modules already initialized, skipping
Refreshing native plugins compatible for Editor in 1.62 ms, found 3 plugins.
Preloading 0 native plugins for Editor in 0.00 ms.
Unloading 3419 Unused Serialized files (Serialized files now loaded: 0)
Unloading 20 unused Assets / (81.0 KB). Loaded Objects now: 3945.
Memory consumption went from 197.9 MB to 197.8 MB.
Total: 3.291500 ms (FindLiveObjects: 0.302800 ms CreateObjectMapping: 0.203200 ms MarkObjects: 2.566300 ms  DeleteObjects: 0.217400 ms)

AssetImportParameters requested are different than current active one (requested -> active):
  custom:video-decoder-ogg-theora: a1e56fd34408186e4bbccfd4996cb3dc -> 
  custom:container-muxer-webm: aa71ff27fc2769a1b78a27578f13a17b -> 
  custom:container-demuxer-webm: 4f35f7cbe854078d1ac9338744f61a02 -> 
  custom:video-encoder-webm-vp8: eb34c28f22e8b96e1ab97ce403110664 -> 
  custom:audio-encoder-webm-vorbis: bf7c407c2cedff20999df2af8eb42d56 -> 
  custom:framework-win-MediaFoundation: 216162199b28c13a410421893ffa2e32 -> 
  custom:container-demuxer-ogg: 62fdf1f143b41e24485cea50d1cbac27 -> 
  custom:video-decoder-webm-vp8: 9c59270c3fd7afecdb556c50c9e8de78 -> 
  custom:audio-decoder-ogg-vorbis: bf7c407c2cedff20999df2af8eb42d56 -> 
========================================================================
Received Prepare
Registering precompiled user dll's ...
Registered in 0.003907 seconds.
Begin MonoManager ReloadAssembly
Symbol file LoadedFromMemory doesn't match image D:\Unity projects\Platforming game\Library\PackageCache\com.unity.visualscripting@1.7.8\Editor\VisualScripting.Core\Dependencies\YamlDotNet\Unity.VisualScripting.YamlDotNet.dll
Symbol file LoadedFromMemory doesn't match image D:\Unity projects\Platforming game\Library\PackageCache\com.unity.visualscripting@1.7.8\Editor\VisualScripting.Core\Dependencies\DotNetZip\Unity.VisualScripting.IonicZip.dll
Native extension for WindowsStandalone target not found
Native extension for WebGL target not found
Refreshing native plugins compatible for Editor in 0.68 ms, found 3 plugins.
Preloading 0 native plugins for Editor in 0.00 ms.
Mono: successfully reloaded assembly
- Completed reload, in  1.002 seconds
Domain Reload Profiling:
	ReloadAssembly (1003ms)
		BeginReloadAssembly (118ms)
			ExecutionOrderSort (0ms)
			DisableScriptedObjects (6ms)
			BackupInstance (0ms)
			ReleaseScriptingObjects (0ms)
			CreateAndSetChildDomain (31ms)
		EndReloadAssembly (795ms)
			LoadAssemblies (70ms)
			RebuildTransferFunctionScriptingTraits (0ms)
			SetupTypeCache (268ms)
			ReleaseScriptCaches (1ms)
			RebuildScriptCaches (47ms)
			SetupLoadedEditorAssemblies (356ms)
				LogAssemblyErrors (0ms)
				InitializePlatformSupportModulesInManaged (16ms)
				SetLoadedEditorAssemblies (1ms)
				RefreshPlugins (1ms)
				BeforeProcessingInitializeOnLoad (73ms)
				ProcessInitializeOnLoadAttributes (232ms)
				ProcessInitializeOnLoadMethodAttributes (30ms)
				AfterProcessingInitializeOnLoad (3ms)
				EditorAssembliesLoaded (0ms)
			ExecutionOrderSort2 (0ms)
			AwakeInstancesAfterBackupRestoration (7ms)
Platform modules already initialized, skipping
Refreshing native plugins compatible for Editor in 1.76 ms, found 3 plugins.
Preloading 0 native plugins for Editor in 0.00 ms.
Unloading 3419 Unused Serialized files (Serialized files now loaded: 0)
Unloading 20 unused Assets / (81.0 KB). Loaded Objects now: 3948.
Memory consumption went from 197.9 MB to 197.8 MB.
Total: 2.961800 ms (FindLiveObjects: 0.283500 ms CreateObjectMapping: 0.180800 ms MarkObjects: 2.396800 ms  DeleteObjects: 0.099600 ms)

AssetImportParameters requested are different than current active one (requested -> active):
  custom:video-decoder-ogg-theora: a1e56fd34408186e4bbccfd4996cb3dc -> 
  custom:container-muxer-webm: aa71ff27fc2769a1b78a27578f13a17b -> 
  custom:container-demuxer-webm: 4f35f7cbe854078d1ac9338744f61a02 -> 
  custom:video-encoder-webm-vp8: eb34c28f22e8b96e1ab97ce403110664 -> 
  custom:audio-encoder-webm-vorbis: bf7c407c2cedff20999df2af8eb42d56 -> 
  custom:framework-win-MediaFoundation: 216162199b28c13a410421893ffa2e32 -> 
  custom:container-demuxer-ogg: 62fdf1f143b41e24485cea50d1cbac27 -> 
  custom:video-decoder-webm-vp8: 9c59270c3fd7afecdb556c50c9e8de78 -> 
  custom:audio-decoder-ogg-vorbis: bf7c407c2cedff20999df2af8eb42d56 -> 
========================================================================
Received Import Request.
  Time since last request: 2571.167344 seconds.
  path: Assets/SkyBox Volume 2/DeepSpaceGreen
  artifactKey: Guid(611d9fa3ddf46ca4ea1773679e5088aa) Importer(815301076,1909f56bfc062723c751e8b465ee728b)
Start importing Assets/SkyBox Volume 2/DeepSpaceGreen using Guid(611d9fa3ddf46ca4ea1773679e5088aa) Importer(815301076,1909f56bfc062723c751e8b465ee728b)  -> (artifact id: '5e734cb22fb5acb1e2ceba442b6a1a10') in 0.036901 seconds 
========================================================================
Received Import Request.
  Time since last request: 0.019082 seconds.
  path: Assets/SkyBox Volume 2/DeepSpaceGreen/DSG.mat
  artifactKey: Guid(a07fadb24ea940240afba3afc1a692cc) Importer(815301076,1909f56bfc062723c751e8b465ee728b)
Start importing Assets/SkyBox Volume 2/DeepSpaceGreen/DSG.mat using Guid(a07fadb24ea940240afba3afc1a692cc) Importer(815301076,1909f56bfc062723c751e8b465ee728b)  -> (artifact id: '098c5cdec1718cfd2125a2a17ce4350a') in 0.213636 seconds 
========================================================================
Received Import Request.
  Time since last request: 9.551384 seconds.
  path: Assets/SkyBox Volume 2/DeepSpaceBlue/backImage.png
  artifactKey: Guid(d733e8221be901b429039b23c12749c6) Importer(815301076,1909f56bfc062723c751e8b465ee728b)
Start importing Assets/SkyBox Volume 2/DeepSpaceBlue/backImage.png using Guid(d733e8221be901b429039b23c12749c6) Importer(815301076,1909f56bfc062723c751e8b465ee728b)  -> (artifact id: 'fa1d13d7eb4166c16e2cc76b49b27e49') in 0.118581 seconds 
========================================================================
Received Import Request.
  Time since last request: 0.000024 seconds.
  path: Assets/SkyBox Volume 2/DeepSpaceBlue/DSB.mat
  artifactKey: Guid(e980bc7fbb00dc34b86b95ac842d1920) Importer(815301076,1909f56bfc062723c751e8b465ee728b)
Start importing Assets/SkyBox Volume 2/DeepSpaceBlue/DSB.mat using Guid(e980bc7fbb00dc34b86b95ac842d1920) Importer(815301076,1909f56bfc062723c751e8b465ee728b)  -> (artifact id: '48dc37eebffdf1bafe72889faaa96fc9') in 0.289922 seconds 
========================================================================
Received Import Request.
  Time since last request: 0.000043 seconds.
  path: Assets/SkyBox Volume 2/DeepSpaceBlue/downImage.png
  artifactKey: Guid(53236b56bc0208c49936b442daccbb62) Importer(815301076,1909f56bfc062723c751e8b465ee728b)
Start importing Assets/SkyBox Volume 2/DeepSpaceBlue/downImage.png using Guid(53236b56bc0208c49936b442daccbb62) Importer(815301076,1909f56bfc062723c751e8b465ee728b)  -> (artifact id: 'c91cf41ffd00c327991fcc6d5c7d8f5c') in 0.015317 seconds 
========================================================================
Received Import Request.
  Time since last request: 0.000017 seconds.
  path: Assets/SkyBox Volume 2/DeepSpaceBlue/leftImage.png
  artifactKey: Guid(a40174c675fc1264dbbe1c9b83c7f29f) Importer(815301076,1909f56bfc062723c751e8b465ee728b)
Start importing Assets/SkyBox Volume 2/DeepSpaceBlue/leftImage.png using Guid(a40174c675fc1264dbbe1c9b83c7f29f) Importer(815301076,1909f56bfc062723c751e8b465ee728b)  -> (artifact id: '25b86c13a895292d1810a34e9981ec39') in 0.020386 seconds 
========================================================================
Received Import Request.
  Time since last request: 0.000019 seconds.
  path: Assets/SkyBox Volume 2/DeepSpaceBlue/frontImage.png
  artifactKey: Guid(3c74d9b24e6f1a24c8a23d012f45f750) Importer(815301076,1909f56bfc062723c751e8b465ee728b)
Start importing Assets/SkyBox Volume 2/DeepSpaceBlue/frontImage.png using Guid(3c74d9b24e6f1a24c8a23d012f45f750) Importer(815301076,1909f56bfc062723c751e8b465ee728b)  -> (artifact id: 'ab07b89889d82074c258f37ae6c6a966') in 0.016856 seconds 
========================================================================
Received Import Request.
  Time since last request: 0.000015 seconds.
  path: Assets/SkyBox Volume 2/DeepSpaceBlue/rightImage.png
  artifactKey: Guid(9dd9f87fe1ab7744fb7fb7046e3cfbfb) Importer(815301076,1909f56bfc062723c751e8b465ee728b)
Start importing Assets/SkyBox Volume 2/DeepSpaceBlue/rightImage.png using Guid(9dd9f87fe1ab7744fb7fb7046e3cfbfb) Importer(815301076,1909f56bfc062723c751e8b465ee728b)  -> (artifact id: 'eefb69eb4afa907703aca62e7ae3813f') in 0.020989 seconds 
========================================================================
Received Import Request.
  Time since last request: 0.000019 seconds.
  path: Assets/SkyBox Volume 2/DeepSpaceBlue/upImage.png
  artifactKey: Guid(bd01d8f5deedc054ea3c866c4df95a94) Importer(815301076,1909f56bfc062723c751e8b465ee728b)
Start importing Assets/SkyBox Volume 2/DeepSpaceBlue/upImage.png using Guid(bd01d8f5deedc054ea3c866c4df95a94) Importer(815301076,1909f56bfc062723c751e8b465ee728b)  -> (artifact id: '6377ddc60f2c730a4d5554ad5ac3ca1d') in 0.019874 seconds 
========================================================================
Received Import Request.
  Time since last request: 2.363749 seconds.
  path: Assets/SkyBox Volume 2/DeepSpaceRed
  artifactKey: Guid(5713ade02b49fa44eb9660048c00ef75) Importer(815301076,1909f56bfc062723c751e8b465ee728b)
Start importing Assets/SkyBox Volume 2/DeepSpaceRed using Guid(5713ade02b49fa44eb9660048c00ef75) Importer(815301076,1909f56bfc062723c751e8b465ee728b)  -> (artifact id: 'c59c03e5e7a5b6fc615e71273d34bce6') in 0.036263 seconds 
========================================================================
Received Import Request.
  Time since last request: 2.302592 seconds.
  path: Assets/SkyBox Volume 2/DeepsSpaceRedWithPlanet
  artifactKey: Guid(dc498f86df12a3c408e0f774ec63a235) Importer(815301076,1909f56bfc062723c751e8b465ee728b)
Start importing Assets/SkyBox Volume 2/DeepsSpaceRedWithPlanet using Guid(dc498f86df12a3c408e0f774ec63a235) Importer(815301076,1909f56bfc062723c751e8b465ee728b)  -> (artifact id: 'f2bbeae5fadddc100e61be0774ed79bf') in 0.005744 seconds 
========================================================================
Received Import Request.
  Time since last request: 0.072533 seconds.
  path: Assets/SkyBox Volume 2/DeepsSpaceRedWithPlanet/backImage.png
  artifactKey: Guid(6601b262566e8ed48bcd94e544e0fd2d) Importer(815301076,1909f56bfc062723c751e8b465ee728b)
Start importing Assets/SkyBox Volume 2/DeepsSpaceRedWithPlanet/backImage.png using Guid(6601b262566e8ed48bcd94e544e0fd2d) Importer(815301076,1909f56bfc062723c751e8b465ee728b)  -> (artifact id: 'bb8107445e04e9093044053e2e5d6e26') in 0.073748 seconds 
========================================================================
Received Import Request.
  Time since last request: 0.000021 seconds.
  path: Assets/SkyBox Volume 2/DeepsSpaceRedWithPlanet/upImage.png
  artifactKey: Guid(f0035d6da7d976a4f9e7d23bfa0fe7dc) Importer(815301076,1909f56bfc062723c751e8b465ee728b)
Start importing Assets/SkyBox Volume 2/DeepsSpaceRedWithPlanet/upImage.png using Guid(f0035d6da7d976a4f9e7d23bfa0fe7dc) Importer(815301076,1909f56bfc062723c751e8b465ee728b)  -> (artifact id: 'eb5f84e599f9981c62ea3ffb0201e6ac') in 0.052520 seconds 
========================================================================
Received Import Request.
  Time since last request: 0.000021 seconds.
  path: Assets/SkyBox Volume 2/DeepsSpaceRedWithPlanet/DSRWP.mat
  artifactKey: Guid(19e2485c6f92d6944ad20466ac77b04c) Importer(815301076,1909f56bfc062723c751e8b465ee728b)
Start importing Assets/SkyBox Volume 2/DeepsSpaceRedWithPlanet/DSRWP.mat using Guid(19e2485c6f92d6944ad20466ac77b04c) Importer(815301076,1909f56bfc062723c751e8b465ee728b)  -> (artifact id: '3620ed7a5937c4d5942214c840ccdca8') in 0.236941 seconds 
========================================================================
Received Import Request.
  Time since last request: 0.000033 seconds.
  path: Assets/SkyBox Volume 2/DeepsSpaceRedWithPlanet/leftImage.png
  artifactKey: Guid(547e367b5b43c494e90431a6e38e87ac) Importer(815301076,1909f56bfc062723c751e8b465ee728b)
Start importing Assets/SkyBox Volume 2/DeepsSpaceRedWithPlanet/leftImage.png using Guid(547e367b5b43c494e90431a6e38e87ac) Importer(815301076,1909f56bfc062723c751e8b465ee728b)  -> (artifact id: '0c4e8950b7e3c3b3a879f81b5af7b8f2') in 0.013997 seconds 
========================================================================
Received Import Request.
  Time since last request: 0.000024 seconds.
  path: Assets/SkyBox Volume 2/DeepsSpaceRedWithPlanet/rightImage.png
  artifactKey: Guid(8d156f0545930a942b2ca6ed792014e9) Importer(815301076,1909f56bfc062723c751e8b465ee728b)
Start importing Assets/SkyBox Volume 2/DeepsSpaceRedWithPlanet/rightImage.png using Guid(8d156f0545930a942b2ca6ed792014e9) Importer(815301076,1909f56bfc062723c751e8b465ee728b)  -> (artifact id: '35044d4e7c3c17df78490a684297bdff') in 0.021604 seconds 
========================================================================
Received Import Request.
  Time since last request: 0.000019 seconds.
  path: Assets/SkyBox Volume 2/DeepsSpaceRedWithPlanet/frontImage.png
  artifactKey: Guid(7e077c5370349b247929c95a8b8ce75e) Importer(815301076,1909f56bfc062723c751e8b465ee728b)
Start importing Assets/SkyBox Volume 2/DeepsSpaceRedWithPlanet/frontImage.png using Guid(7e077c5370349b247929c95a8b8ce75e) Importer(815301076,1909f56bfc062723c751e8b465ee728b)  -> (artifact id: 'ce35591b91cd7b8b3fc0aaff34a21d29') in 0.015095 seconds 
========================================================================
Received Import Request.
  Time since last request: 0.000019 seconds.
  path: Assets/SkyBox Volume 2/DeepsSpaceRedWithPlanet/downImage.png
  artifactKey: Guid(fe24c1d3a8341df488806f47b3a72356) Importer(815301076,1909f56bfc062723c751e8b465ee728b)
Start importing Assets/SkyBox Volume 2/DeepsSpaceRedWithPlanet/downImage.png using Guid(fe24c1d3a8341df488806f47b3a72356) Importer(815301076,1909f56bfc062723c751e8b465ee728b)  -> (artifact id: '348acd1e56d860580c2e92c8bcdb5e53') in 0.014491 seconds 
========================================================================
Received Import Request.
  Time since last request: 15.349867 seconds.
  path: Assets/SkyBox Volume 2
  artifactKey: Guid(c4280557dbf7ab246ba5bc8981a63ee8) Importer(815301076,1909f56bfc062723c751e8b465ee728b)
Start importing Assets/SkyBox Volume 2 using Guid(c4280557dbf7ab246ba5bc8981a63ee8) Importer(815301076,1909f56bfc062723c751e8b465ee728b)  -> (artifact id: 'af0e3039cc0b21e932759e83b4edae62') in 0.005381 seconds 
========================================================================
Received Import Request.
  Time since last request: 80.733226 seconds.
  path: Assets/unity-chan!/Unity-chan! Model/Art/Stage/Materials/unitychan_tile6.mat
  artifactKey: Guid(330274cf2c5de4464a4b4b243b59e371) Importer(815301076,1909f56bfc062723c751e8b465ee728b)
Start importing Assets/unity-chan!/Unity-chan! Model/Art/Stage/Materials/unitychan_tile6.mat using Guid(330274cf2c5de4464a4b4b243b59e371) Importer(815301076,1909f56bfc062723c751e8b465ee728b)  -> (artifact id: 'a4ef02f175d972b23726190bf9f93a32') in 0.362306 seconds 
========================================================================
Received Import Request.
  Time since last request: 0.046135 seconds.
  path: Assets/unity-chan!/Unity-chan! Model/Art/Stage/Materials/unitychan_tile4.mat
  artifactKey: Guid(0f2978993cddc449c99a4e1893ed3479) Importer(815301076,1909f56bfc062723c751e8b465ee728b)
Start importing Assets/unity-chan!/Unity-chan! Model/Art/Stage/Materials/unitychan_tile4.mat using Guid(0f2978993cddc449c99a4e1893ed3479) Importer(815301076,1909f56bfc062723c751e8b465ee728b)  -> (artifact id: 'd210765e05720505a32773aaa147edaa') in 0.096036 seconds 
========================================================================
Received Import Request.
  Time since last request: 0.000022 seconds.
  path: Assets/unity-chan!/Unity-chan! Model/Art/Stage/Materials/unitychan_tile5.mat
  artifactKey: Guid(0fabbaa20a36d468a84e4925db02ecc5) Importer(815301076,1909f56bfc062723c751e8b465ee728b)
Start importing Assets/unity-chan!/Unity-chan! Model/Art/Stage/Materials/unitychan_tile5.mat using Guid(0fabbaa20a36d468a84e4925db02ecc5) Importer(815301076,1909f56bfc062723c751e8b465ee728b)  -> (artifact id: 'c035c1fdf547ba14cac32857fa1e4738') in 0.060855 seconds 
========================================================================
Received Import Request.
  Time since last request: 31.643096 seconds.
  path: Assets/unity-chan!/Unity-chan! Model/Art/Stage/Materials/unitychan_tile3.mat
  artifactKey: Guid(00343d49c7d05416cb4a5bddf12aa90d) Importer(815301076,1909f56bfc062723c751e8b465ee728b)
Start importing Assets/unity-chan!/Unity-chan! Model/Art/Stage/Materials/unitychan_tile3.mat using Guid(00343d49c7d05416cb4a5bddf12aa90d) Importer(815301076,1909f56bfc062723c751e8b465ee728b)  -> (artifact id: '3ca14233972efe76038d9f9c89feccaa') in 0.086964 seconds 
========================================================================
Received Import Request.
  Time since last request: 0.000019 seconds.
  path: Assets/SkyBox Volume 2/Stars01/StarSkyBox.mat
  artifactKey: Guid(b9be0c15efe8ad9489fdeead114d8ec5) Importer(815301076,1909f56bfc062723c751e8b465ee728b)
Start importing Assets/SkyBox Volume 2/Stars01/StarSkyBox.mat using Guid(b9be0c15efe8ad9489fdeead114d8ec5) Importer(815301076,1909f56bfc062723c751e8b465ee728b)  -> (artifact id: '22e41e37558146e603a2bc46b9c3df5f') in 0.416845 seconds 
========================================================================
Received Import Request.
  Time since last request: 0.000019 seconds.
  path: Assets/TextMesh Pro/Examples & Extras/Materials/Small Crate_diffuse.mat
  artifactKey: Guid(22262639920f43d6be32430e4e58350d) Importer(815301076,1909f56bfc062723c751e8b465ee728b)
Start importing Assets/TextMesh Pro/Examples & Extras/Materials/Small Crate_diffuse.mat using Guid(22262639920f43d6be32430e4e58350d) Importer(815301076,1909f56bfc062723c751e8b465ee728b)  -> (artifact id: 'd68d4b6ba5d2b0318f381ccec6de7354') in 0.210387 seconds 
========================================================================
Received Import Request.
  Time since last request: 0.145587 seconds.
  path: Assets/unity-chan!/Unity-chan! Model/Art/UnityChanShader/Materials/skin1.mat
  artifactKey: Guid(4b91d906c72fd4447bfabbdd767e31ad) Importer(815301076,1909f56bfc062723c751e8b465ee728b)
Start importing Assets/unity-chan!/Unity-chan! Model/Art/UnityChanShader/Materials/skin1.mat using Guid(4b91d906c72fd4447bfabbdd767e31ad) Importer(815301076,1909f56bfc062723c751e8b465ee728b)  -> (artifact id: 'ab2622203b3684a6817a0c3594e05760') in 0.123810 seconds 
========================================================================
Received Import Request.
  Time since last request: 0.000019 seconds.
  path: Assets/unity-chan!/Unity-chan! Model/Art/Materials/skin1.mat
  artifactKey: Guid(ca131910d5c9a634dbdd38e77111033f) Importer(815301076,1909f56bfc062723c751e8b465ee728b)
Start importing Assets/unity-chan!/Unity-chan! Model/Art/Materials/skin1.mat using Guid(ca131910d5c9a634dbdd38e77111033f) Importer(815301076,1909f56bfc062723c751e8b465ee728b)  -> (artifact id: '98a26eaf435156f121ae7bcfe113009c') in 0.032741 seconds 
========================================================================
Received Import Request.
  Time since last request: 0.385551 seconds.
  path: Assets/TextMesh Pro/Examples & Extras/Resources/Fonts & Materials/Roboto-Bold SDF - Surface.mat
  artifactKey: Guid(e6b276ec991f467aa14ef1f3cc665993) Importer(815301076,1909f56bfc062723c751e8b465ee728b)
Start importing Assets/TextMesh Pro/Examples & Extras/Resources/Fonts & Materials/Roboto-Bold SDF - Surface.mat using Guid(e6b276ec991f467aa14ef1f3cc665993) Importer(815301076,1909f56bfc062723c751e8b465ee728b)  -> (artifact id: 'f4bec2e54e971ec253d22dd214a7cda5') in 0.139612 seconds 
========================================================================
Received Import Request.
  Time since last request: 0.088327 seconds.
  path: Assets/unity-chan!/Unity-chan! Model/Art/Materials/Right.mat
  artifactKey: Guid(88157e674d7d0314db76940c73b69405) Importer(815301076,1909f56bfc062723c751e8b465ee728b)
Start importing Assets/unity-chan!/Unity-chan! Model/Art/Materials/Right.mat using Guid(88157e674d7d0314db76940c73b69405) Importer(815301076,1909f56bfc062723c751e8b465ee728b)  -> (artifact id: '6624a5623bf9ba47eb7171026297e722') in 0.023401 seconds 
========================================================================
Received Import Request.
  Time since last request: 0.018812 seconds.
  path: Assets/unity-chan!/Unity-chan! Model/Art/Materials/mat_cheek.mat
  artifactKey: Guid(5f9d44654b83160428d7c4cf276b3572) Importer(815301076,1909f56bfc062723c751e8b465ee728b)
Start importing Assets/unity-chan!/Unity-chan! Model/Art/Materials/mat_cheek.mat using Guid(5f9d44654b83160428d7c4cf276b3572) Importer(815301076,1909f56bfc062723c751e8b465ee728b)  -> (artifact id: 'c39939dc83e3d28f44ba6d18796997f7') in 0.019389 seconds 
========================================================================
Received Import Request.
  Time since last request: 0.000015 seconds.
  path: Assets/unity-chan!/Unity-chan! Model/Art/UnityChanShader/Materials/mat_cheek.mat
  artifactKey: Guid(4efe8cdcc7b554591bde513d7bde06d0) Importer(815301076,1909f56bfc062723c751e8b465ee728b)
Start importing Assets/unity-chan!/Unity-chan! Model/Art/UnityChanShader/Materials/mat_cheek.mat using Guid(4efe8cdcc7b554591bde513d7bde06d0) Importer(815301076,1909f56bfc062723c751e8b465ee728b)  -> (artifact id: '235689cca9cd4e918e2e8c74fea9a944') in 0.014160 seconds 
========================================================================
Received Import Request.
  Time since last request: 1.071735 seconds.
  path: Assets/TextMesh Pro/Examples & Extras/Resources/Fonts & Materials/LiberationSans SDF - Overlay.mat
  artifactKey: Guid(9ad269c99dcf42b7aedefd83dd5a7b9d) Importer(815301076,1909f56bfc062723c751e8b465ee728b)
Start importing Assets/TextMesh Pro/Examples & Extras/Resources/Fonts & Materials/LiberationSans SDF - Overlay.mat using Guid(9ad269c99dcf42b7aedefd83dd5a7b9d) Importer(815301076,1909f56bfc062723c751e8b465ee728b)  -> (artifact id: 'd5e6a3abde93932e1b730b2e8e789359') in 0.034112 seconds 
========================================================================
Received Import Request.
  Time since last request: 0.000021 seconds.
  path: Assets/unity-chan!/Unity-chan! Model/Art/Materials/Left.mat
  artifactKey: Guid(00cf17fb11d4e76448c2096f7ee6aa4f) Importer(815301076,1909f56bfc062723c751e8b465ee728b)
Start importing Assets/unity-chan!/Unity-chan! Model/Art/Materials/Left.mat using Guid(00cf17fb11d4e76448c2096f7ee6aa4f) Importer(815301076,1909f56bfc062723c751e8b465ee728b)  -> (artifact id: 'e19024c34d3a435399ed7ca99a97d86d') in 0.019712 seconds 
========================================================================
Received Import Request.
  Time since last request: 0.000020 seconds.
  path: Assets/unity-chan!/Unity-chan! Model/Art/Materials/hair.mat
  artifactKey: Guid(5ebb6caef8207d243a588a574971408c) Importer(815301076,1909f56bfc062723c751e8b465ee728b)
Start importing Assets/unity-chan!/Unity-chan! Model/Art/Materials/hair.mat using Guid(5ebb6caef8207d243a588a574971408c) Importer(815301076,1909f56bfc062723c751e8b465ee728b)  -> (artifact id: '732e7ea75008cdb6f63f9d6e646f8309') in 0.043205 seconds 
========================================================================
Received Import Request.
  Time since last request: 0.000019 seconds.
  path: Assets/TextMesh Pro/Examples & Extras/Materials/Ground - Surface Shader Scene.mat
  artifactKey: Guid(aadd5a709a48466c887296bb5b1b8110) Importer(815301076,1909f56bfc062723c751e8b465ee728b)
Start importing Assets/TextMesh Pro/Examples & Extras/Materials/Ground - Surface Shader Scene.mat using Guid(aadd5a709a48466c887296bb5b1b8110) Importer(815301076,1909f56bfc062723c751e8b465ee728b)  -> (artifact id: '96bbac303e7e1f148589f40a044e4d87') in 0.039674 seconds 
========================================================================
Received Import Request.
  Time since last request: 0.000024 seconds.
  path: Assets/TextMesh Pro/Examples & Extras/Materials/Ground - Logo Scene.mat
  artifactKey: Guid(c719e38f25a9480abd2480ab621a2949) Importer(815301076,1909f56bfc062723c751e8b465ee728b)
Start importing Assets/TextMesh Pro/Examples & Extras/Materials/Ground - Logo Scene.mat using Guid(c719e38f25a9480abd2480ab621a2949) Importer(815301076,1909f56bfc062723c751e8b465ee728b)  -> (artifact id: 'a6303dcafa8c29638164956a5e5f7b23') in 0.051040 seconds 
========================================================================
Received Import Request.
  Time since last request: 0.000028 seconds.
  path: Assets/TextMesh Pro/Examples & Extras/Resources/Fonts & Materials/LiberationSans SDF - Metalic Green.mat
  artifactKey: Guid(8b29aaa3eec7468097ff07adfcf29ac9) Importer(815301076,1909f56bfc062723c751e8b465ee728b)
Start importing Assets/TextMesh Pro/Examples & Extras/Resources/Fonts & Materials/LiberationSans SDF - Metalic Green.mat using Guid(8b29aaa3eec7468097ff07adfcf29ac9) Importer(815301076,1909f56bfc062723c751e8b465ee728b)  -> (artifact id: '9a8952de332c658b969a7ca138c07c2a') in 0.130478 seconds 
========================================================================
Received Import Request.
  Time since last request: 0.000016 seconds.
  path: Assets/TextMesh Pro/Examples & Extras/Fonts/Anton.ttf
  artifactKey: Guid(997a43b767814dd0a7642ec9b78cba41) Importer(815301076,1909f56bfc062723c751e8b465ee728b)
Start importing Assets/TextMesh Pro/Examples & Extras/Fonts/Anton.ttf using Guid(997a43b767814dd0a7642ec9b78cba41) Importer(815301076,1909f56bfc062723c751e8b465ee728b)  -> (artifact id: 'af4d2d9d0a8fedf6df347aa7694e6c93') in 0.107662 seconds 
========================================================================
Received Import Request.
  Time since last request: 0.000026 seconds.
  path: Assets/unity-chan!/Unity-chan! Model/Art/UnityChanShader/Materials/hair.mat
  artifactKey: Guid(0686b679809f14929a8d7f427cbb4da3) Importer(815301076,1909f56bfc062723c751e8b465ee728b)
Start importing Assets/unity-chan!/Unity-chan! Model/Art/UnityChanShader/Materials/hair.mat using Guid(0686b679809f14929a8d7f427cbb4da3) Importer(815301076,1909f56bfc062723c751e8b465ee728b)  -> (artifact id: '2c24ce7976a483743ff03ae207dda821') in 0.014993 seconds 
========================================================================
Received Import Request.
  Time since last request: 0.000026 seconds.
  path: Assets/TextMesh Pro/Examples & Extras/Resources/Fonts & Materials/LiberationSans SDF - Soft Mask.mat
  artifactKey: Guid(42df1c7856584b6b8db9a509b6b10074) Importer(815301076,1909f56bfc062723c751e8b465ee728b)
Start importing Assets/TextMesh Pro/Examples & Extras/Resources/Fonts & Materials/LiberationSans SDF - Soft Mask.mat using Guid(42df1c7856584b6b8db9a509b6b10074) Importer(815301076,1909f56bfc062723c751e8b465ee728b)  -> (artifact id: 'd1468ca030a7d7684557ae2e789866e8') in 0.027845 seconds 
========================================================================
Received Import Request.
  Time since last request: 0.515989 seconds.
  path: Assets/unity-chan!/Unity-chan! Model/Art/Materials/face.mat
  artifactKey: Guid(4d83bd267b90e934e88637afcd02cb8a) Importer(815301076,1909f56bfc062723c751e8b465ee728b)
Start importing Assets/unity-chan!/Unity-chan! Model/Art/Materials/face.mat using Guid(4d83bd267b90e934e88637afcd02cb8a) Importer(815301076,1909f56bfc062723c751e8b465ee728b)  -> (artifact id: '211f6b55d7908c2e260c424a31cfc037') in 0.021503 seconds 
========================================================================
Received Import Request.
  Time since last request: 0.000017 seconds.
  path: Assets/unity-chan!/Unity-chan! Model/Art/Materials/eyeline.mat
  artifactKey: Guid(407f97b032a277c44b753ed1c256a3b8) Importer(815301076,1909f56bfc062723c751e8b465ee728b)
Start importing Assets/unity-chan!/Unity-chan! Model/Art/Materials/eyeline.mat using Guid(407f97b032a277c44b753ed1c256a3b8) Importer(815301076,1909f56bfc062723c751e8b465ee728b)  -> (artifact id: 'e901d4f9596ba65566faf892ef293d22') in 0.020934 seconds 
========================================================================
Received Import Request.
  Time since last request: 0.000026 seconds.
  path: Assets/unity-chan!/Unity-chan! Model/Art/UnityChanShader/Materials/eyeline.mat
  artifactKey: Guid(7bac98231102243919a4534a06cc74ba) Importer(815301076,1909f56bfc062723c751e8b465ee728b)
Start importing Assets/unity-chan!/Unity-chan! Model/Art/UnityChanShader/Materials/eyeline.mat using Guid(7bac98231102243919a4534a06cc74ba) Importer(815301076,1909f56bfc062723c751e8b465ee728b)  -> (artifact id: 'e8385b5f685e0b80771897d5fc3b7b98') in 0.010200 seconds 
========================================================================
Received Import Request.
  Time since last request: 0.000031 seconds.
  path: Assets/unity-chan!/Unity-chan! Model/Art/UnityChanShader/Materials/face.mat
  artifactKey: Guid(cb35fb92776d24a65827b1d3ab18fe60) Importer(815301076,1909f56bfc062723c751e8b465ee728b)
Start importing Assets/unity-chan!/Unity-chan! Model/Art/UnityChanShader/Materials/face.mat using Guid(cb35fb92776d24a65827b1d3ab18fe60) Importer(815301076,1909f56bfc062723c751e8b465ee728b)  -> (artifact id: '8a8f4a5436fedcde8ef4eb55a1cf3454') in 0.014295 seconds 
========================================================================
Received Import Request.
  Time since last request: 0.594191 seconds.
  path: Assets/TextMesh Pro/Examples & Extras/Materials/Crate - Surface Shader Scene.mat
  artifactKey: Guid(e6b9b44320f4448d9d5e0ee634259966) Importer(815301076,1909f56bfc062723c751e8b465ee728b)
Start importing Assets/TextMesh Pro/Examples & Extras/Materials/Crate - Surface Shader Scene.mat using Guid(e6b9b44320f4448d9d5e0ee634259966) Importer(815301076,1909f56bfc062723c751e8b465ee728b)  -> (artifact id: 'b7abc97b2bc4c978b1cefb93c0c67459') in 0.186517 seconds 
========================================================================
Received Import Request.
  Time since last request: 1027.102087 seconds.
  path: Assets/images.png
  artifactKey: Guid(581884f1bc48d6e4aad32fe6df68e7b4) Importer(815301076,1909f56bfc062723c751e8b465ee728b)
Start importing Assets/images.png using Guid(581884f1bc48d6e4aad32fe6df68e7b4) Importer(815301076,1909f56bfc062723c751e8b465ee728b)  -> (artifact id: '29dc02ac97265466b0249ab0ca6757f6') in 0.021299 seconds 
========================================================================
Received Import Request.
  Time since last request: 235.907420 seconds.
  path: Assets/Animations/LogoSpin.anim
  artifactKey: Guid(a72a86013ba58294e8dca5f5a48d3a2d) Importer(815301076,1909f56bfc062723c751e8b465ee728b)
Start importing Assets/Animations/LogoSpin.anim using Guid(a72a86013ba58294e8dca5f5a48d3a2d) Importer(815301076,1909f56bfc062723c751e8b465ee728b)  -> (artifact id: '0f2f529c196a7c8239a02b5e94768163') in 0.007274 seconds 
========================================================================
Received Prepare
Registering precompiled user dll's ...
Registered in 0.003962 seconds.
Begin MonoManager ReloadAssembly
Symbol file LoadedFromMemory doesn't match image D:\Unity projects\Platforming game\Library\PackageCache\com.unity.visualscripting@1.7.8\Editor\VisualScripting.Core\Dependencies\YamlDotNet\Unity.VisualScripting.YamlDotNet.dll
Symbol file LoadedFromMemory doesn't match image D:\Unity projects\Platforming game\Library\PackageCache\com.unity.visualscripting@1.7.8\Editor\VisualScripting.Core\Dependencies\DotNetZip\Unity.VisualScripting.IonicZip.dll
Native extension for WindowsStandalone target not found
Native extension for WebGL target not found
Refreshing native plugins compatible for Editor in 0.69 ms, found 3 plugins.
Preloading 0 native plugins for Editor in 0.00 ms.
Mono: successfully reloaded assembly
- Completed reload, in  1.015 seconds
Domain Reload Profiling:
	ReloadAssembly (1016ms)
		BeginReloadAssembly (126ms)
			ExecutionOrderSort (0ms)
			DisableScriptedObjects (4ms)
			BackupInstance (0ms)
			ReleaseScriptingObjects (0ms)
			CreateAndSetChildDomain (40ms)
		EndReloadAssembly (797ms)
			LoadAssemblies (73ms)
			RebuildTransferFunctionScriptingTraits (0ms)
			SetupTypeCache (274ms)
			ReleaseScriptCaches (1ms)
			RebuildScriptCaches (42ms)
			SetupLoadedEditorAssemblies (357ms)
				LogAssemblyErrors (0ms)
				InitializePlatformSupportModulesInManaged (15ms)
				SetLoadedEditorAssemblies (1ms)
				RefreshPlugins (1ms)
				BeforeProcessingInitializeOnLoad (71ms)
				ProcessInitializeOnLoadAttributes (236ms)
				ProcessInitializeOnLoadMethodAttributes (30ms)
				AfterProcessingInitializeOnLoad (3ms)
				EditorAssembliesLoaded (0ms)
			ExecutionOrderSort2 (0ms)
			AwakeInstancesAfterBackupRestoration (7ms)
Platform modules already initialized, skipping
Refreshing native plugins compatible for Editor in 1.87 ms, found 3 plugins.
Preloading 0 native plugins for Editor in 0.00 ms.
Unloading 3419 Unused Serialized files (Serialized files now loaded: 0)
Unloading 20 unused Assets / (81.6 KB). Loaded Objects now: 3995.
Memory consumption went from 202.7 MB to 202.6 MB.
Total: 3.196600 ms (FindLiveObjects: 0.268900 ms CreateObjectMapping: 0.164700 ms MarkObjects: 2.641200 ms  DeleteObjects: 0.120900 ms)

AssetImportParameters requested are different than current active one (requested -> active):
  custom:video-decoder-ogg-theora: a1e56fd34408186e4bbccfd4996cb3dc -> 
  custom:container-muxer-webm: aa71ff27fc2769a1b78a27578f13a17b -> 
  custom:container-demuxer-webm: 4f35f7cbe854078d1ac9338744f61a02 -> 
  custom:video-encoder-webm-vp8: eb34c28f22e8b96e1ab97ce403110664 -> 
  custom:audio-encoder-webm-vorbis: bf7c407c2cedff20999df2af8eb42d56 -> 
  custom:framework-win-MediaFoundation: 216162199b28c13a410421893ffa2e32 -> 
  custom:container-demuxer-ogg: 62fdf1f143b41e24485cea50d1cbac27 -> 
  custom:video-decoder-webm-vp8: 9c59270c3fd7afecdb556c50c9e8de78 -> 
  custom:audio-decoder-ogg-vorbis: bf7c407c2cedff20999df2af8eb42d56 -> 
========================================================================
Received Import Request.
  Time since last request: 69.908736 seconds.
  path: Assets/Scripts/SplashToMenu.cs
  artifactKey: Guid(c1305021f3521a348960a97ae43f9a75) Importer(815301076,1909f56bfc062723c751e8b465ee728b)
Start importing Assets/Scripts/SplashToMenu.cs using Guid(c1305021f3521a348960a97ae43f9a75) Importer(815301076,1909f56bfc062723c751e8b465ee728b)  -> (artifact id: '5bc2635ec707fc965ebcbbcc6cbbe4b1') in 0.009381 seconds 
========================================================================
Received Prepare
Registering precompiled user dll's ...
Registered in 0.006063 seconds.
Begin MonoManager ReloadAssembly
Symbol file LoadedFromMemory doesn't match image D:\Unity projects\Platforming game\Library\PackageCache\com.unity.visualscripting@1.7.8\Editor\VisualScripting.Core\Dependencies\YamlDotNet\Unity.VisualScripting.YamlDotNet.dll
Symbol file LoadedFromMemory doesn't match image D:\Unity projects\Platforming game\Library\PackageCache\com.unity.visualscripting@1.7.8\Editor\VisualScripting.Core\Dependencies\DotNetZip\Unity.VisualScripting.IonicZip.dll
Native extension for WindowsStandalone target not found
Native extension for WebGL target not found
Refreshing native plugins compatible for Editor in 0.62 ms, found 3 plugins.
Preloading 0 native plugins for Editor in 0.00 ms.
Mono: successfully reloaded assembly
- Completed reload, in  1.014 seconds
Domain Reload Profiling:
	ReloadAssembly (1014ms)
		BeginReloadAssembly (134ms)
			ExecutionOrderSort (0ms)
			DisableScriptedObjects (6ms)
			BackupInstance (0ms)
			ReleaseScriptingObjects (0ms)
			CreateAndSetChildDomain (35ms)
		EndReloadAssembly (781ms)
			LoadAssemblies (89ms)
			RebuildTransferFunctionScriptingTraits (0ms)
			SetupTypeCache (293ms)
			ReleaseScriptCaches (1ms)
			RebuildScriptCaches (43ms)
			SetupLoadedEditorAssemblies (321ms)
				LogAssemblyErrors (0ms)
				InitializePlatformSupportModulesInManaged (16ms)
				SetLoadedEditorAssemblies (1ms)
				RefreshPlugins (1ms)
				BeforeProcessingInitializeOnLoad (67ms)
				ProcessInitializeOnLoadAttributes (208ms)
				ProcessInitializeOnLoadMethodAttributes (26ms)
				AfterProcessingInitializeOnLoad (3ms)
				EditorAssembliesLoaded (0ms)
			ExecutionOrderSort2 (0ms)
			AwakeInstancesAfterBackupRestoration (6ms)
Platform modules already initialized, skipping
Refreshing native plugins compatible for Editor in 1.71 ms, found 3 plugins.
Preloading 0 native plugins for Editor in 0.00 ms.
Unloading 3420 Unused Serialized files (Serialized files now loaded: 0)
Unloading 20 unused Assets / (81.5 KB). Loaded Objects now: 3999.
Memory consumption went from 202.7 MB to 202.6 MB.
Total: 3.111500 ms (FindLiveObjects: 0.265100 ms CreateObjectMapping: 0.188800 ms MarkObjects: 2.547300 ms  DeleteObjects: 0.109400 ms)

AssetImportParameters requested are different than current active one (requested -> active):
  custom:video-decoder-ogg-theora: a1e56fd34408186e4bbccfd4996cb3dc -> 
  custom:container-muxer-webm: aa71ff27fc2769a1b78a27578f13a17b -> 
  custom:container-demuxer-webm: 4f35f7cbe854078d1ac9338744f61a02 -> 
  custom:video-encoder-webm-vp8: eb34c28f22e8b96e1ab97ce403110664 -> 
  custom:audio-encoder-webm-vorbis: bf7c407c2cedff20999df2af8eb42d56 -> 
  custom:framework-win-MediaFoundation: 216162199b28c13a410421893ffa2e32 -> 
  custom:container-demuxer-ogg: 62fdf1f143b41e24485cea50d1cbac27 -> 
  custom:video-decoder-webm-vp8: 9c59270c3fd7afecdb556c50c9e8de78 -> 
  custom:audio-decoder-ogg-vorbis: bf7c407c2cedff20999df2af8eb42d56 -> 
========================================================================
Received Import Request.
  Time since last request: 175.224972 seconds.
  path: Assets/Scripts/SplashToMenu.cs
  artifactKey: Guid(c1305021f3521a348960a97ae43f9a75) Importer(815301076,1909f56bfc062723c751e8b465ee728b)
Start importing Assets/Scripts/SplashToMenu.cs using Guid(c1305021f3521a348960a97ae43f9a75) Importer(815301076,1909f56bfc062723c751e8b465ee728b)  -> (artifact id: '22eb6554d26376a8e53c5adabda03e90') in 0.011165 seconds 
========================================================================
Received Import Request.
  Time since last request: 34.534489 seconds.
  path: Assets/Scenes/MainMenu.unity
  artifactKey: Guid(41920dbdb70ae394cb1409ba3313fcaf) Importer(815301076,1909f56bfc062723c751e8b465ee728b)
Start importing Assets/Scenes/MainMenu.unity using Guid(41920dbdb70ae394cb1409ba3313fcaf) Importer(815301076,1909f56bfc062723c751e8b465ee728b)  -> (artifact id: 'e51627e55e651fc55a04a485635bc7fe') in 0.007262 seconds 
========================================================================
Received Prepare
Registering precompiled user dll's ...
Registered in 0.004305 seconds.
Begin MonoManager ReloadAssembly
Symbol file LoadedFromMemory doesn't match image D:\Unity projects\Platforming game\Library\PackageCache\com.unity.visualscripting@1.7.8\Editor\VisualScripting.Core\Dependencies\YamlDotNet\Unity.VisualScripting.YamlDotNet.dll
Symbol file LoadedFromMemory doesn't match image D:\Unity projects\Platforming game\Library\PackageCache\com.unity.visualscripting@1.7.8\Editor\VisualScripting.Core\Dependencies\DotNetZip\Unity.VisualScripting.IonicZip.dll
Native extension for WindowsStandalone target not found
Native extension for WebGL target not found
Refreshing native plugins compatible for Editor in 0.75 ms, found 3 plugins.
Preloading 0 native plugins for Editor in 0.00 ms.
Mono: successfully reloaded assembly
- Completed reload, in  0.981 seconds
Domain Reload Profiling:
	ReloadAssembly (982ms)
		BeginReloadAssembly (135ms)
			ExecutionOrderSort (0ms)
			DisableScriptedObjects (7ms)
			BackupInstance (0ms)
			ReleaseScriptingObjects (0ms)
			CreateAndSetChildDomain (35ms)
		EndReloadAssembly (742ms)
			LoadAssemblies (80ms)
			RebuildTransferFunctionScriptingTraits (0ms)
			SetupTypeCache (285ms)
			ReleaseScriptCaches (1ms)
			RebuildScriptCaches (39ms)
			SetupLoadedEditorAssemblies (306ms)
				LogAssemblyErrors (0ms)
				InitializePlatformSupportModulesInManaged (13ms)
				SetLoadedEditorAssemblies (1ms)
				RefreshPlugins (1ms)
				BeforeProcessingInitializeOnLoad (64ms)
				ProcessInitializeOnLoadAttributes (198ms)
				ProcessInitializeOnLoadMethodAttributes (27ms)
				AfterProcessingInitializeOnLoad (3ms)
				EditorAssembliesLoaded (0ms)
			ExecutionOrderSort2 (0ms)
			AwakeInstancesAfterBackupRestoration (6ms)
Platform modules already initialized, skipping
Refreshing native plugins compatible for Editor in 1.67 ms, found 3 plugins.
Preloading 0 native plugins for Editor in 0.00 ms.
Unloading 3420 Unused Serialized files (Serialized files now loaded: 0)
Unloading 20 unused Assets / (81.5 KB). Loaded Objects now: 4002.
Memory consumption went from 202.7 MB to 202.7 MB.
Total: 3.080600 ms (FindLiveObjects: 0.257600 ms CreateObjectMapping: 0.153100 ms MarkObjects: 2.577300 ms  DeleteObjects: 0.091600 ms)

AssetImportParameters requested are different than current active one (requested -> active):
  custom:video-decoder-ogg-theora: a1e56fd34408186e4bbccfd4996cb3dc -> 
  custom:container-muxer-webm: aa71ff27fc2769a1b78a27578f13a17b -> 
  custom:container-demuxer-webm: 4f35f7cbe854078d1ac9338744f61a02 -> 
  custom:video-encoder-webm-vp8: eb34c28f22e8b96e1ab97ce403110664 -> 
  custom:audio-encoder-webm-vorbis: bf7c407c2cedff20999df2af8eb42d56 -> 
  custom:framework-win-MediaFoundation: 216162199b28c13a410421893ffa2e32 -> 
  custom:container-demuxer-ogg: 62fdf1f143b41e24485cea50d1cbac27 -> 
  custom:video-decoder-webm-vp8: 9c59270c3fd7afecdb556c50c9e8de78 -> 
  custom:audio-decoder-ogg-vorbis: bf7c407c2cedff20999df2af8eb42d56 -> 
========================================================================
Received Import Request.
  Time since last request: 53.787383 seconds.
  path: Assets/Scenes/SplashScreen.unity
  artifactKey: Guid(648ef28302d637a4a8e5bb65fc6bd742) Importer(815301076,1909f56bfc062723c751e8b465ee728b)
Start importing Assets/Scenes/SplashScreen.unity using Guid(648ef28302d637a4a8e5bb65fc6bd742) Importer(815301076,1909f56bfc062723c751e8b465ee728b)  -> (artifact id: 'db870509483c566c50618e954c04b185') in 0.009182 seconds 
========================================================================
Received Prepare
Registering precompiled user dll's ...
Registered in 0.004087 seconds.
Begin MonoManager ReloadAssembly
Symbol file LoadedFromMemory doesn't match image D:\Unity projects\Platforming game\Library\PackageCache\com.unity.visualscripting@1.7.8\Editor\VisualScripting.Core\Dependencies\YamlDotNet\Unity.VisualScripting.YamlDotNet.dll
Symbol file LoadedFromMemory doesn't match image D:\Unity projects\Platforming game\Library\PackageCache\com.unity.visualscripting@1.7.8\Editor\VisualScripting.Core\Dependencies\DotNetZip\Unity.VisualScripting.IonicZip.dll
Native extension for WindowsStandalone target not found
Native extension for WebGL target not found
Refreshing native plugins compatible for Editor in 0.61 ms, found 3 plugins.
Preloading 0 native plugins for Editor in 0.00 ms.
Mono: successfully reloaded assembly
- Completed reload, in  0.930 seconds
Domain Reload Profiling:
	ReloadAssembly (931ms)
		BeginReloadAssembly (117ms)
			ExecutionOrderSort (0ms)
			DisableScriptedObjects (5ms)
			BackupInstance (0ms)
			ReleaseScriptingObjects (0ms)
			CreateAndSetChildDomain (31ms)
		EndReloadAssembly (721ms)
			LoadAssemblies (69ms)
			RebuildTransferFunctionScriptingTraits (0ms)
			SetupTypeCache (273ms)
			ReleaseScriptCaches (1ms)
			RebuildScriptCaches (37ms)
			SetupLoadedEditorAssemblies (302ms)
				LogAssemblyErrors (0ms)
				InitializePlatformSupportModulesInManaged (12ms)
				SetLoadedEditorAssemblies (0ms)
				RefreshPlugins (1ms)
				BeforeProcessingInitializeOnLoad (64ms)
				ProcessInitializeOnLoadAttributes (196ms)
				ProcessInitializeOnLoadMethodAttributes (26ms)
				AfterProcessingInitializeOnLoad (3ms)
				EditorAssembliesLoaded (0ms)
			ExecutionOrderSort2 (0ms)
			AwakeInstancesAfterBackupRestoration (6ms)
Platform modules already initialized, skipping
Refreshing native plugins compatible for Editor in 1.48 ms, found 3 plugins.
Preloading 0 native plugins for Editor in 0.00 ms.
Unloading 3420 Unused Serialized files (Serialized files now loaded: 0)
Unloading 20 unused Assets / (81.6 KB). Loaded Objects now: 4005.
Memory consumption went from 202.7 MB to 202.7 MB.
Total: 3.178000 ms (FindLiveObjects: 0.275200 ms CreateObjectMapping: 0.180100 ms MarkObjects: 2.613300 ms  DeleteObjects: 0.108600 ms)

AssetImportParameters requested are different than current active one (requested -> active):
  custom:video-decoder-ogg-theora: a1e56fd34408186e4bbccfd4996cb3dc -> 
  custom:container-muxer-webm: aa71ff27fc2769a1b78a27578f13a17b -> 
  custom:container-demuxer-webm: 4f35f7cbe854078d1ac9338744f61a02 -> 
  custom:video-encoder-webm-vp8: eb34c28f22e8b96e1ab97ce403110664 -> 
  custom:audio-encoder-webm-vorbis: bf7c407c2cedff20999df2af8eb42d56 -> 
  custom:framework-win-MediaFoundation: 216162199b28c13a410421893ffa2e32 -> 
  custom:container-demuxer-ogg: 62fdf1f143b41e24485cea50d1cbac27 -> 
  custom:video-decoder-webm-vp8: 9c59270c3fd7afecdb556c50c9e8de78 -> 
  custom:audio-decoder-ogg-vorbis: bf7c407c2cedff20999df2af8eb42d56 -> 
========================================================================
Received Prepare
Registering precompiled user dll's ...
Registered in 0.004115 seconds.
Begin MonoManager ReloadAssembly
Symbol file LoadedFromMemory doesn't match image D:\Unity projects\Platforming game\Library\PackageCache\com.unity.visualscripting@1.7.8\Editor\VisualScripting.Core\Dependencies\YamlDotNet\Unity.VisualScripting.YamlDotNet.dll
Symbol file LoadedFromMemory doesn't match image D:\Unity projects\Platforming game\Library\PackageCache\com.unity.visualscripting@1.7.8\Editor\VisualScripting.Core\Dependencies\DotNetZip\Unity.VisualScripting.IonicZip.dll
Native extension for WindowsStandalone target not found
Native extension for WebGL target not found
Refreshing native plugins compatible for Editor in 0.60 ms, found 3 plugins.
Preloading 0 native plugins for Editor in 0.00 ms.
Mono: successfully reloaded assembly
- Completed reload, in  0.940 seconds
Domain Reload Profiling:
	ReloadAssembly (940ms)
		BeginReloadAssembly (122ms)
			ExecutionOrderSort (0ms)
			DisableScriptedObjects (6ms)
			BackupInstance (0ms)
			ReleaseScriptingObjects (0ms)
			CreateAndSetChildDomain (32ms)
		EndReloadAssembly (726ms)
			LoadAssemblies (75ms)
			RebuildTransferFunctionScriptingTraits (0ms)
			SetupTypeCache (267ms)
			ReleaseScriptCaches (1ms)
			RebuildScriptCaches (39ms)
			SetupLoadedEditorAssemblies (305ms)
				LogAssemblyErrors (0ms)
				InitializePlatformSupportModulesInManaged (12ms)
				SetLoadedEditorAssemblies (0ms)
				RefreshPlugins (1ms)
				BeforeProcessingInitializeOnLoad (62ms)
				ProcessInitializeOnLoadAttributes (198ms)
				ProcessInitializeOnLoadMethodAttributes (27ms)
				AfterProcessingInitializeOnLoad (3ms)
				EditorAssembliesLoaded (0ms)
			ExecutionOrderSort2 (0ms)
			AwakeInstancesAfterBackupRestoration (6ms)
Platform modules already initialized, skipping
Refreshing native plugins compatible for Editor in 1.60 ms, found 3 plugins.
Preloading 0 native plugins for Editor in 0.00 ms.
Unloading 3420 Unused Serialized files (Serialized files now loaded: 0)
Unloading 20 unused Assets / (81.6 KB). Loaded Objects now: 4008.
Memory consumption went from 202.7 MB to 202.7 MB.
Total: 2.892300 ms (FindLiveObjects: 0.262000 ms CreateObjectMapping: 0.148300 ms MarkObjects: 2.384800 ms  DeleteObjects: 0.096400 ms)

AssetImportParameters requested are different than current active one (requested -> active):
  custom:video-decoder-ogg-theora: a1e56fd34408186e4bbccfd4996cb3dc -> 
  custom:container-muxer-webm: aa71ff27fc2769a1b78a27578f13a17b -> 
  custom:container-demuxer-webm: 4f35f7cbe854078d1ac9338744f61a02 -> 
  custom:video-encoder-webm-vp8: eb34c28f22e8b96e1ab97ce403110664 -> 
  custom:audio-encoder-webm-vorbis: bf7c407c2cedff20999df2af8eb42d56 -> 
  custom:framework-win-MediaFoundation: 216162199b28c13a410421893ffa2e32 -> 
  custom:container-demuxer-ogg: 62fdf1f143b41e24485cea50d1cbac27 -> 
  custom:video-decoder-webm-vp8: 9c59270c3fd7afecdb556c50c9e8de78 -> 
  custom:audio-decoder-ogg-vorbis: bf7c407c2cedff20999df2af8eb42d56 -> 
